{"/home/travis/build/npmtest/node-npmtest-appjs/test.js":{"path":"/home/travis/build/npmtest/node-npmtest-appjs/test.js","s":{"1":2,"2":2,"3":2,"4":2,"5":2,"6":2,"7":2,"8":1,"9":2,"10":2,"11":1,"12":1,"13":1,"14":1,"15":2,"16":2,"17":2,"18":2,"19":1,"20":1,"21":2,"22":2,"23":2,"24":1,"25":1,"26":1,"27":1,"28":1,"29":1,"30":1,"31":1,"32":1,"33":1,"34":1,"35":1,"36":1,"37":1,"38":1,"39":2,"40":2,"41":1,"42":2,"43":2,"44":1,"45":2,"46":2,"47":1,"48":2,"49":2,"50":1,"51":1,"52":1,"53":1,"54":1},"b":{"1":[2,1,1,1],"2":[1,1,1,1],"3":[1,1],"4":[1,1],"5":[1,1],"6":[1,1],"7":[1,1],"8":[1,1],"9":[1,1],"10":[1,1,1],"11":[1,1],"12":[1,1],"13":[1,1],"14":[1,1],"15":[1,1],"16":[1,1],"17":[1,1]},"f":{"1":2,"2":2,"3":2,"4":2,"5":2,"6":1,"7":1,"8":1,"9":2,"10":2,"11":2,"12":2,"13":1},"fnMap":{"1":{"name":"(anonymous_1)","line":12,"loc":{"start":{"line":12,"column":1},"end":{"line":12,"column":13}}},"2":{"name":"(anonymous_2)","line":19,"loc":{"start":{"line":19,"column":5},"end":{"line":19,"column":17}}},"3":{"name":"(anonymous_3)","line":23,"loc":{"start":{"line":23,"column":24},"end":{"line":23,"column":36}}},"4":{"name":"(anonymous_4)","line":61,"loc":{"start":{"line":61,"column":5},"end":{"line":61,"column":17}}},"5":{"name":"(anonymous_5)","line":82,"loc":{"start":{"line":82,"column":5},"end":{"line":82,"column":17}}},"6":{"name":"(anonymous_6)","line":91,"loc":{"start":{"line":91,"column":77},"end":{"line":94,"column":10}}},"7":{"name":"(anonymous_7)","line":112,"loc":{"start":{"line":112,"column":83},"end":{"line":115,"column":10}},"skip":true},"8":{"name":"(anonymous_8)","line":123,"loc":{"start":{"line":123,"column":77},"end":{"line":126,"column":10}},"skip":true},"9":{"name":"(anonymous_9)","line":139,"loc":{"start":{"line":139,"column":12},"end":{"line":139,"column":40}},"skip":true},"10":{"name":"(anonymous_10)","line":147,"loc":{"start":{"line":147,"column":77},"end":{"line":150,"column":10}},"skip":true},"11":{"name":"(anonymous_11)","line":158,"loc":{"start":{"line":158,"column":83},"end":{"line":161,"column":10}},"skip":true},"12":{"name":"(anonymous_12)","line":169,"loc":{"start":{"line":169,"column":79},"end":{"line":172,"column":10}},"skip":true},"13":{"name":"(anonymous_13)","line":180,"loc":{"start":{"line":180,"column":75},"end":{"line":183,"column":10}},"skip":true}},"statementMap":{"1":{"start":{"line":12,"column":0},"end":{"line":195,"column":5}},"2":{"start":{"line":14,"column":4},"end":{"line":14,"column":14}},"3":{"start":{"line":19,"column":4},"end":{"line":56,"column":9}},"4":{"start":{"line":21,"column":8},"end":{"line":21,"column":19}},"5":{"start":{"line":23,"column":8},"end":{"line":35,"column":13}},"6":{"start":{"line":24,"column":12},"end":{"line":34,"column":13}},"7":{"start":{"line":25,"column":16},"end":{"line":28,"column":30}},"8":{"start":{"line":30,"column":16},"end":{"line":33,"column":27}},"9":{"start":{"line":37,"column":8},"end":{"line":39,"column":21}},"10":{"start":{"line":40,"column":8},"end":{"line":53,"column":9}},"11":{"start":{"line":43,"column":12},"end":{"line":46,"column":14}},"12":{"start":{"line":47,"column":12},"end":{"line":47,"column":18}},"13":{"start":{"line":50,"column":12},"end":{"line":51,"column":46}},"14":{"start":{"line":52,"column":12},"end":{"line":52,"column":18}},"15":{"start":{"line":55,"column":8},"end":{"line":55,"column":35}},"16":{"start":{"line":61,"column":4},"end":{"line":63,"column":9}},"17":{"start":{"line":62,"column":8},"end":{"line":62,"column":15}},"18":{"start":{"line":64,"column":4},"end":{"line":77,"column":5}},"19":{"start":{"line":70,"column":8},"end":{"line":70,"column":14}},"20":{"start":{"line":76,"column":8},"end":{"line":76,"column":14}},"21":{"start":{"line":82,"column":4},"end":{"line":84,"column":9}},"22":{"start":{"line":83,"column":8},"end":{"line":83,"column":15}},"23":{"start":{"line":85,"column":4},"end":{"line":194,"column":5}},"24":{"start":{"line":91,"column":8},"end":{"line":99,"column":10}},"25":{"start":{"line":98,"column":12},"end":{"line":98,"column":35}},"26":{"start":{"line":102,"column":8},"end":{"line":104,"column":63}},"27":{"start":{"line":105,"column":8},"end":{"line":105,"column":14}},"28":{"start":{"line":112,"column":8},"end":{"line":121,"column":10},"skip":true},"29":{"start":{"line":119,"column":12},"end":{"line":119,"column":55},"skip":true},"30":{"start":{"line":120,"column":12},"end":{"line":120,"column":48},"skip":true},"31":{"start":{"line":123,"column":8},"end":{"line":136,"column":10},"skip":true},"32":{"start":{"line":130,"column":12},"end":{"line":130,"column":76},"skip":true},"33":{"start":{"line":131,"column":12},"end":{"line":131,"column":73},"skip":true},"34":{"start":{"line":132,"column":12},"end":{"line":132,"column":74},"skip":true},"35":{"start":{"line":133,"column":12},"end":{"line":133,"column":79},"skip":true},"36":{"start":{"line":134,"column":12},"end":{"line":134,"column":25},"skip":true},"37":{"start":{"line":135,"column":12},"end":{"line":135,"column":45},"skip":true},"38":{"start":{"line":138,"column":8},"end":{"line":145,"column":14},"skip":true},"39":{"start":{"line":143,"column":16},"end":{"line":143,"column":29},"skip":true},"40":{"start":{"line":144,"column":16},"end":{"line":144,"column":55},"skip":true},"41":{"start":{"line":147,"column":8},"end":{"line":156,"column":10},"skip":true},"42":{"start":{"line":154,"column":12},"end":{"line":154,"column":25},"skip":true},"43":{"start":{"line":155,"column":12},"end":{"line":155,"column":45},"skip":true},"44":{"start":{"line":158,"column":8},"end":{"line":167,"column":10},"skip":true},"45":{"start":{"line":165,"column":12},"end":{"line":165,"column":25},"skip":true},"46":{"start":{"line":166,"column":12},"end":{"line":166,"column":48},"skip":true},"47":{"start":{"line":169,"column":8},"end":{"line":178,"column":10},"skip":true},"48":{"start":{"line":176,"column":12},"end":{"line":176,"column":25},"skip":true},"49":{"start":{"line":177,"column":12},"end":{"line":177,"column":46},"skip":true},"50":{"start":{"line":180,"column":8},"end":{"line":189,"column":10},"skip":true},"51":{"start":{"line":187,"column":12},"end":{"line":187,"column":94},"skip":true},"52":{"start":{"line":188,"column":12},"end":{"line":188,"column":48},"skip":true},"53":{"start":{"line":192,"column":8},"end":{"line":192,"column":35},"skip":true},"54":{"start":{"line":193,"column":8},"end":{"line":193,"column":14},"skip":true}},"branchMap":{"1":{"line":25,"type":"binary-expr","locations":[{"start":{"line":25,"column":23},"end":{"line":25,"column":62}},{"start":{"line":26,"column":20},"end":{"line":26,"column":70}},{"start":{"line":27,"column":20},"end":{"line":27,"column":71}},{"start":{"line":28,"column":20},"end":{"line":28,"column":29}}]},"2":{"line":30,"type":"binary-expr","locations":[{"start":{"line":30,"column":23},"end":{"line":30,"column":37}},{"start":{"line":31,"column":20},"end":{"line":31,"column":61}},{"start":{"line":32,"column":20},"end":{"line":32,"column":70}},{"start":{"line":33,"column":20},"end":{"line":33,"column":26}}]},"3":{"line":37,"type":"cond-expr","locations":[{"start":{"line":38,"column":14},"end":{"line":38,"column":20}},{"start":{"line":39,"column":14},"end":{"line":39,"column":20}}]},"4":{"line":40,"type":"switch","locations":[{"start":{"line":42,"column":8},"end":{"line":47,"column":18}},{"start":{"line":49,"column":8},"end":{"line":52,"column":18}}]},"5":{"line":44,"type":"binary-expr","locations":[{"start":{"line":44,"column":16},"end":{"line":44,"column":44}},{"start":{"line":44,"column":48},"end":{"line":44,"column":66}}]},"6":{"line":50,"type":"binary-expr","locations":[{"start":{"line":50,"column":21},"end":{"line":50,"column":49}},{"start":{"line":50,"column":53},"end":{"line":50,"column":72}}]},"7":{"line":64,"type":"switch","locations":[{"start":{"line":69,"column":4},"end":{"line":70,"column":14}},{"start":{"line":75,"column":4},"end":{"line":76,"column":14}}]},"8":{"line":85,"type":"switch","locations":[{"start":{"line":90,"column":4},"end":{"line":105,"column":14}},{"start":{"line":111,"column":4},"end":{"line":193,"column":14},"skip":true}]},"9":{"line":91,"type":"binary-expr","locations":[{"start":{"line":91,"column":42},"end":{"line":91,"column":73}},{"start":{"line":91,"column":77},"end":{"line":99,"column":9}}]},"10":{"line":102,"type":"binary-expr","locations":[{"start":{"line":102,"column":18},"end":{"line":102,"column":32}},{"start":{"line":103,"column":12},"end":{"line":103,"column":53}},{"start":{"line":104,"column":12},"end":{"line":104,"column":61}}]},"11":{"line":112,"type":"binary-expr","locations":[{"start":{"line":112,"column":45},"end":{"line":112,"column":79},"skip":true},{"start":{"line":112,"column":83},"end":{"line":121,"column":9},"skip":true}]},"12":{"line":123,"type":"binary-expr","locations":[{"start":{"line":123,"column":42},"end":{"line":123,"column":73},"skip":true},{"start":{"line":123,"column":77},"end":{"line":136,"column":9},"skip":true}]},"13":{"line":138,"type":"binary-expr","locations":[{"start":{"line":138,"column":48},"end":{"line":138,"column":85},"skip":true},{"start":{"line":139,"column":12},"end":{"line":145,"column":13},"skip":true}]},"14":{"line":147,"type":"binary-expr","locations":[{"start":{"line":147,"column":42},"end":{"line":147,"column":73},"skip":true},{"start":{"line":147,"column":77},"end":{"line":156,"column":9},"skip":true}]},"15":{"line":158,"type":"binary-expr","locations":[{"start":{"line":158,"column":45},"end":{"line":158,"column":79},"skip":true},{"start":{"line":158,"column":83},"end":{"line":167,"column":9},"skip":true}]},"16":{"line":169,"type":"binary-expr","locations":[{"start":{"line":169,"column":43},"end":{"line":169,"column":75},"skip":true},{"start":{"line":169,"column":79},"end":{"line":178,"column":9},"skip":true}]},"17":{"line":180,"type":"binary-expr","locations":[{"start":{"line":180,"column":41},"end":{"line":180,"column":71},"skip":true},{"start":{"line":180,"column":75},"end":{"line":189,"column":9},"skip":true}]}},"code":["/* istanbul instrument in package npmtest_appjs */","/*jslint","    bitwise: true,","    browser: true,","    maxerr: 8,","    maxlen: 96,","    node: true,","    nomen: true,","    regexp: true,","    stupid: true","*/","(function () {","    'use strict';","    var local;","","","","    // run shared js-env code - pre-init","    (function () {","        // init local","        local = {};","        // init modeJs","        local.modeJs = (function () {","            try {","                return typeof navigator.userAgent === 'string' &&","                    typeof document.querySelector('body') === 'object' &&","                    typeof XMLHttpRequest.prototype.open === 'function' &&","                    'browser';","            } catch (errorCaughtBrowser) {","                return module.exports &&","                    typeof process.versions.node === 'string' &&","                    typeof require('http').createServer === 'function' &&","                    'node';","            }","        }());","        // init global","        local.global = local.modeJs === 'browser'","            ? window","            : global;","        switch (local.modeJs) {","        // re-init local from window.local","        case 'browser':","            local = local.global.utility2.objectSetDefault(","                local.global.utility2_rollup || local.global.local,","                local.global.utility2","            );","            break;","        // re-init local from example.js","        case 'node':","            local = (local.global.utility2_rollup || require('utility2'))","                .requireExampleJsFromReadme();","            break;","        }","        // export local","        local.global.local = local;","    }());","","","","    // run shared js-env code - function","    (function () {","        return;","    }());","    switch (local.modeJs) {","","","","    // run browser js-env code - function","    case 'browser':","        break;","","","","    // run node js-env code - function","    case 'node':","        break;","    }","","","","    // run shared js-env code - post-init","    (function () {","        return;","    }());","    switch (local.modeJs) {","","","","    // run browser js-env code - post-init","    case 'browser':","        local.testCase_browser_nullCase = local.testCase_browser_nullCase || function (","            options,","            onError","        ) {","        /*","         * this function will test browsers's null-case handling-behavior-behavior","         */","            onError(null, options);","        };","","        // run tests","        local.nop(local.modeTest &&","            document.querySelector('#testRunButton1') &&","            document.querySelector('#testRunButton1').click());","        break;","","","","    // run node js-env code - post-init","    /* istanbul ignore next */","    case 'node':","        local.testCase_buildApidoc_default = local.testCase_buildApidoc_default || function (","            options,","            onError","        ) {","        /*","         * this function will test buildApidoc's default handling-behavior-behavior","         */","            options = { modulePathList: module.paths };","            local.buildApidoc(options, onError);","        };","","        local.testCase_buildApp_default = local.testCase_buildApp_default || function (","            options,","            onError","        ) {","        /*","         * this function will test buildApp's default handling-behavior-behavior","         */","            local.testCase_buildReadme_default(options, local.onErrorThrow);","            local.testCase_buildLib_default(options, local.onErrorThrow);","            local.testCase_buildTest_default(options, local.onErrorThrow);","            local.testCase_buildCustomOrg_default(options, local.onErrorThrow);","            options = [];","            local.buildApp(options, onError);","        };","","        local.testCase_buildCustomOrg_default = local.testCase_buildCustomOrg_default ||","            function (options, onError) {","            /*","             * this function will test buildCustomOrg's default handling-behavior","             */","                options = {};","                local.buildCustomOrg(options, onError);","            };","","        local.testCase_buildLib_default = local.testCase_buildLib_default || function (","            options,","            onError","        ) {","        /*","         * this function will test buildLib's default handling-behavior","         */","            options = {};","            local.buildLib(options, onError);","        };","","        local.testCase_buildReadme_default = local.testCase_buildReadme_default || function (","            options,","            onError","        ) {","        /*","         * this function will test buildReadme's default handling-behavior-behavior","         */","            options = {};","            local.buildReadme(options, onError);","        };","","        local.testCase_buildTest_default = local.testCase_buildTest_default || function (","            options,","            onError","        ) {","        /*","         * this function will test buildTest's default handling-behavior","         */","            options = {};","            local.buildTest(options, onError);","        };","","        local.testCase_webpage_default = local.testCase_webpage_default || function (","            options,","            onError","        ) {","        /*","         * this function will test webpage's default handling-behavior","         */","            options = { modeCoverageMerge: true, url: local.serverLocalHost + '?modeTest=1' };","            local.browserTest(options, onError);","        };","","        // run test-server","        local.testRunServer(local);","        break;","    }","}());",""],"l":{"12":2,"14":2,"19":2,"21":2,"23":2,"24":2,"25":2,"30":1,"37":2,"40":2,"43":1,"47":1,"50":1,"52":1,"55":2,"61":2,"62":2,"64":2,"70":1,"76":1,"82":2,"83":2,"85":2,"91":1,"98":1,"102":1,"105":1,"112":1,"119":1,"120":1,"123":1,"130":1,"131":1,"132":1,"133":1,"134":1,"135":1,"138":1,"143":2,"144":2,"147":1,"154":2,"155":2,"158":1,"165":2,"166":2,"169":1,"176":2,"177":2,"180":1,"187":1,"188":1,"192":1,"193":1}},"/home/travis/build/npmtest/node-npmtest-appjs/lib.npmtest_appjs.js":{"path":"/home/travis/build/npmtest/node-npmtest-appjs/lib.npmtest_appjs.js","s":{"1":2,"2":2,"3":2,"4":2,"5":2,"6":2,"7":2,"8":1,"9":2,"10":2,"11":2,"12":2,"13":1,"14":1,"15":1,"16":1},"b":{"1":[2,1,1,1],"2":[1,1,1,1],"3":[1,1],"4":[2,2],"5":[1,1]},"f":{"1":2,"2":2,"3":2},"fnMap":{"1":{"name":"(anonymous_1)","line":12,"loc":{"start":{"line":12,"column":1},"end":{"line":12,"column":13}}},"2":{"name":"(anonymous_2)","line":19,"loc":{"start":{"line":19,"column":5},"end":{"line":19,"column":17}}},"3":{"name":"(anonymous_3)","line":23,"loc":{"start":{"line":23,"column":24},"end":{"line":23,"column":36}}}},"statementMap":{"1":{"start":{"line":12,"column":0},"end":{"line":53,"column":5}},"2":{"start":{"line":14,"column":4},"end":{"line":14,"column":14}},"3":{"start":{"line":19,"column":4},"end":{"line":52,"column":9}},"4":{"start":{"line":21,"column":8},"end":{"line":21,"column":19}},"5":{"start":{"line":23,"column":8},"end":{"line":35,"column":13}},"6":{"start":{"line":24,"column":12},"end":{"line":34,"column":13}},"7":{"start":{"line":25,"column":16},"end":{"line":28,"column":30}},"8":{"start":{"line":30,"column":16},"end":{"line":33,"column":27}},"9":{"start":{"line":37,"column":8},"end":{"line":39,"column":21}},"10":{"start":{"line":41,"column":8},"end":{"line":41,"column":54}},"11":{"start":{"line":43,"column":8},"end":{"line":43,"column":50}},"12":{"start":{"line":45,"column":8},"end":{"line":51,"column":9}},"13":{"start":{"line":46,"column":12},"end":{"line":46,"column":56}},"14":{"start":{"line":48,"column":12},"end":{"line":48,"column":35}},"15":{"start":{"line":49,"column":12},"end":{"line":49,"column":49}},"16":{"start":{"line":50,"column":12},"end":{"line":50,"column":43}}},"branchMap":{"1":{"line":25,"type":"binary-expr","locations":[{"start":{"line":25,"column":23},"end":{"line":25,"column":62}},{"start":{"line":26,"column":20},"end":{"line":26,"column":70}},{"start":{"line":27,"column":20},"end":{"line":27,"column":71}},{"start":{"line":28,"column":20},"end":{"line":28,"column":29}}]},"2":{"line":30,"type":"binary-expr","locations":[{"start":{"line":30,"column":23},"end":{"line":30,"column":37}},{"start":{"line":31,"column":20},"end":{"line":31,"column":61}},{"start":{"line":32,"column":20},"end":{"line":32,"column":70}},{"start":{"line":33,"column":20},"end":{"line":33,"column":26}}]},"3":{"line":37,"type":"cond-expr","locations":[{"start":{"line":38,"column":14},"end":{"line":38,"column":20}},{"start":{"line":39,"column":14},"end":{"line":39,"column":20}}]},"4":{"line":41,"type":"binary-expr","locations":[{"start":{"line":41,"column":16},"end":{"line":41,"column":44}},{"start":{"line":41,"column":48},"end":{"line":41,"column":53}}]},"5":{"line":45,"type":"if","locations":[{"start":{"line":45,"column":8},"end":{"line":45,"column":8}},{"start":{"line":45,"column":8},"end":{"line":45,"column":8}}]}},"code":["/* istanbul instrument in package npmtest_appjs */","/*jslint","    bitwise: true,","    browser: true,","    maxerr: 8,","    maxlen: 96,","    node: true,","    nomen: true,","    regexp: true,","    stupid: true","*/","(function () {","    'use strict';","    var local;","","","","    // run shared js-env code - pre-init","    (function () {","        // init local","        local = {};","        // init modeJs","        local.modeJs = (function () {","            try {","                return typeof navigator.userAgent === 'string' &&","                    typeof document.querySelector('body') === 'object' &&","                    typeof XMLHttpRequest.prototype.open === 'function' &&","                    'browser';","            } catch (errorCaughtBrowser) {","                return module.exports &&","                    typeof process.versions.node === 'string' &&","                    typeof require('http').createServer === 'function' &&","                    'node';","            }","        }());","        // init global","        local.global = local.modeJs === 'browser'","            ? window","            : global;","        // init utility2_rollup","        local = local.global.utility2_rollup || local;","        // init lib","        local.local = local.npmtest_appjs = local;","        // init exports","        if (local.modeJs === 'browser') {","            local.global.utility2_npmtest_appjs = local;","        } else {","            module.exports = local;","            module.exports.__dirname = __dirname;","            module.exports.module = module;","        }","    }());","}());",""],"l":{"12":2,"14":2,"19":2,"21":2,"23":2,"24":2,"25":2,"30":1,"37":2,"41":2,"43":2,"45":2,"46":1,"48":1,"49":1,"50":1}},"/home/travis/build/npmtest/node-npmtest-appjs/example.js":{"path":"/home/travis/build/npmtest/node-npmtest-appjs/example.js","s":{"1":2,"2":2,"3":2,"4":2,"5":2,"6":2,"7":2,"8":1,"9":2,"10":2,"11":2,"12":2,"13":1,"14":2,"15":2,"16":2,"17":2,"18":2,"19":0,"20":2,"21":1,"22":1,"23":1,"24":1,"25":1,"26":0,"27":0,"28":1,"29":1,"30":2,"31":0,"32":0,"33":0,"34":1,"35":2,"36":2,"37":3,"38":3,"39":3,"40":3,"41":0,"42":3,"43":3,"44":3,"45":1,"46":3,"47":1,"48":1,"49":1,"50":1,"51":1,"52":1,"53":1,"54":1,"55":1,"56":1,"57":0,"58":1,"59":6,"60":6,"61":1,"62":2,"63":0,"64":2,"65":1,"66":1,"67":0,"68":0,"69":0,"70":0,"71":0,"72":0,"73":0,"74":0,"75":0,"76":0,"77":0,"78":0,"79":0,"80":0,"81":0,"82":0,"83":0},"b":{"1":[2,1,1,1],"2":[1,1,1,1],"3":[1,1],"4":[2,2],"5":[1,1],"6":[1,1],"7":[2,0],"8":[2,1,1,1,1,1],"9":[0,2,0],"10":[1,1],"11":[2,1,1],"12":[1,0],"13":[0,2],"14":[2,0,0,0,0,0,0],"15":[0,3],"16":[3,0],"17":[1,1],"18":[0,1],"19":[1,2,0,2],"20":[1,0],"21":[1,1],"22":[0,0],"23":[0,0],"24":[0,0],"25":[0,0],"26":[0,0],"27":[0,0],"28":[0,0]},"f":{"1":2,"2":2,"3":2,"4":2,"5":2,"6":2,"7":3,"8":3,"9":3,"10":1,"11":6,"12":0},"fnMap":{"1":{"name":"(anonymous_1)","line":26,"loc":{"start":{"line":26,"column":1},"end":{"line":26,"column":13}}},"2":{"name":"(anonymous_2)","line":33,"loc":{"start":{"line":33,"column":5},"end":{"line":33,"column":17}}},"3":{"name":"(anonymous_3)","line":37,"loc":{"start":{"line":37,"column":24},"end":{"line":37,"column":36}}},"4":{"name":"(anonymous_4)","line":69,"loc":{"start":{"line":69,"column":31},"end":{"line":69,"column":48}},"skip":true},"5":{"name":"(anonymous_5)","line":78,"loc":{"start":{"line":78,"column":26},"end":{"line":78,"column":45}},"skip":true},"6":{"name":"(anonymous_6)","line":123,"loc":{"start":{"line":123,"column":33},"end":{"line":123,"column":48}},"skip":true},"7":{"name":"(anonymous_7)","line":125,"loc":{"start":{"line":125,"column":27},"end":{"line":125,"column":39}},"skip":true},"8":{"name":"(anonymous_8)","line":133,"loc":{"start":{"line":133,"column":59},"end":{"line":133,"column":74}},"skip":true},"9":{"name":"(anonymous_9)","line":143,"loc":{"start":{"line":143,"column":45},"end":{"line":143,"column":62}},"skip":true},"10":{"name":"(anonymous_10)","line":144,"loc":{"start":{"line":144,"column":73},"end":{"line":144,"column":92}},"skip":true},"11":{"name":"(anonymous_11)","line":272,"loc":{"start":{"line":272,"column":51},"end":{"line":272,"column":77}},"skip":true},"12":{"name":"(anonymous_12)","line":315,"loc":{"start":{"line":315,"column":32},"end":{"line":315,"column":61}},"skip":true}},"statementMap":{"1":{"start":{"line":26,"column":0},"end":{"line":326,"column":5}},"2":{"start":{"line":28,"column":4},"end":{"line":28,"column":14}},"3":{"start":{"line":33,"column":4},"end":{"line":60,"column":9}},"4":{"start":{"line":35,"column":8},"end":{"line":35,"column":19}},"5":{"start":{"line":37,"column":8},"end":{"line":49,"column":13}},"6":{"start":{"line":38,"column":12},"end":{"line":48,"column":13}},"7":{"start":{"line":39,"column":16},"end":{"line":42,"column":30}},"8":{"start":{"line":44,"column":16},"end":{"line":47,"column":27}},"9":{"start":{"line":51,"column":8},"end":{"line":53,"column":21}},"10":{"start":{"line":55,"column":8},"end":{"line":57,"column":45}},"11":{"start":{"line":59,"column":8},"end":{"line":59,"column":35}},"12":{"start":{"line":61,"column":4},"end":{"line":325,"column":5}},"13":{"start":{"line":69,"column":8},"end":{"line":121,"column":10},"skip":true},"14":{"start":{"line":70,"column":12},"end":{"line":88,"column":13},"skip":true},"15":{"start":{"line":76,"column":16},"end":{"line":87,"column":19},"skip":true},"16":{"start":{"line":79,"column":20},"end":{"line":86,"column":21},"skip":true},"17":{"start":{"line":82,"column":24},"end":{"line":82,"column":43},"skip":true},"18":{"start":{"line":83,"column":24},"end":{"line":83,"column":30},"skip":true},"19":{"start":{"line":85,"column":24},"end":{"line":85,"column":49},"skip":true},"20":{"start":{"line":89,"column":12},"end":{"line":107,"column":13},"skip":true},"21":{"start":{"line":92,"column":16},"end":{"line":102,"column":17},"skip":true},"22":{"start":{"line":93,"column":20},"end":{"line":93,"column":86},"skip":true},"23":{"start":{"line":94,"column":20},"end":{"line":95,"column":45},"skip":true},"24":{"start":{"line":96,"column":20},"end":{"line":96,"column":42},"skip":true},"25":{"start":{"line":97,"column":20},"end":{"line":97,"column":48},"skip":true},"26":{"start":{"line":100,"column":20},"end":{"line":100,"column":85},"skip":true},"27":{"start":{"line":101,"column":20},"end":{"line":101,"column":96},"skip":true},"28":{"start":{"line":103,"column":16},"end":{"line":103,"column":22},"skip":true},"29":{"start":{"line":106,"column":16},"end":{"line":106,"column":22},"skip":true},"30":{"start":{"line":108,"column":12},"end":{"line":120,"column":13},"skip":true},"31":{"start":{"line":114,"column":16},"end":{"line":119,"column":17},"skip":true},"32":{"start":{"line":116,"column":20},"end":{"line":116,"column":78},"skip":true},"33":{"start":{"line":118,"column":20},"end":{"line":118,"column":47},"skip":true},"34":{"start":{"line":123,"column":8},"end":{"line":141,"column":11},"skip":true},"35":{"start":{"line":124,"column":12},"end":{"line":124,"column":54},"skip":true},"36":{"start":{"line":125,"column":12},"end":{"line":140,"column":14},"skip":true},"37":{"start":{"line":126,"column":16},"end":{"line":126,"column":28},"skip":true},"38":{"start":{"line":127,"column":16},"end":{"line":127,"column":69},"skip":true},"39":{"start":{"line":128,"column":16},"end":{"line":128,"column":75},"skip":true},"40":{"start":{"line":129,"column":16},"end":{"line":131,"column":17},"skip":true},"41":{"start":{"line":130,"column":20},"end":{"line":130,"column":27},"skip":true},"42":{"start":{"line":133,"column":16},"end":{"line":137,"column":36},"skip":true},"43":{"start":{"line":134,"column":20},"end":{"line":136,"column":55},"skip":true},"44":{"start":{"line":139,"column":16},"end":{"line":139,"column":57},"skip":true},"45":{"start":{"line":143,"column":8},"end":{"line":147,"column":11},"skip":true},"46":{"start":{"line":144,"column":12},"end":{"line":146,"column":15},"skip":true},"47":{"start":{"line":145,"column":16},"end":{"line":145,"column":70},"skip":true},"48":{"start":{"line":149,"column":8},"end":{"line":149,"column":31},"skip":true},"49":{"start":{"line":150,"column":8},"end":{"line":150,"column":14},"skip":true},"50":{"start":{"line":158,"column":8},"end":{"line":158,"column":31},"skip":true},"51":{"start":{"line":160,"column":8},"end":{"line":160,"column":33},"skip":true},"52":{"start":{"line":161,"column":8},"end":{"line":161,"column":37},"skip":true},"53":{"start":{"line":162,"column":8},"end":{"line":162,"column":35},"skip":true},"54":{"start":{"line":164,"column":8},"end":{"line":164,"column":50},"skip":true},"55":{"start":{"line":166,"column":8},"end":{"line":256,"column":2},"skip":true},"56":{"start":{"line":258,"column":8},"end":{"line":286,"column":9},"skip":true},"57":{"start":{"line":259,"column":12},"end":{"line":269,"column":14},"skip":true},"58":{"start":{"line":271,"column":12},"end":{"line":285,"column":19},"skip":true},"59":{"start":{"line":274,"column":20},"end":{"line":274,"column":35},"skip":true},"60":{"start":{"line":275,"column":20},"end":{"line":284,"column":21},"skip":true},"61":{"start":{"line":277,"column":24},"end":{"line":277,"column":64},"skip":true},"62":{"start":{"line":279,"column":24},"end":{"line":279,"column":40},"skip":true},"63":{"start":{"line":281,"column":24},"end":{"line":281,"column":40},"skip":true},"64":{"start":{"line":283,"column":24},"end":{"line":283,"column":39},"skip":true},"65":{"start":{"line":288,"column":8},"end":{"line":290,"column":9},"skip":true},"66":{"start":{"line":289,"column":12},"end":{"line":289,"column":18},"skip":true},"67":{"start":{"line":291,"column":8},"end":{"line":293,"column":54},"skip":true},"68":{"start":{"line":296,"column":8},"end":{"line":301,"column":37},"skip":true},"69":{"start":{"line":303,"column":8},"end":{"line":303,"column":82},"skip":true},"70":{"start":{"line":306,"column":8},"end":{"line":308,"column":9},"skip":true},"71":{"start":{"line":307,"column":12},"end":{"line":307,"column":82},"skip":true},"72":{"start":{"line":310,"column":8},"end":{"line":312,"column":9},"skip":true},"73":{"start":{"line":311,"column":12},"end":{"line":311,"column":18},"skip":true},"74":{"start":{"line":313,"column":8},"end":{"line":313,"column":54},"skip":true},"75":{"start":{"line":314,"column":8},"end":{"line":314,"column":69},"skip":true},"76":{"start":{"line":315,"column":8},"end":{"line":323,"column":36},"skip":true},"77":{"start":{"line":316,"column":12},"end":{"line":316,"column":61},"skip":true},"78":{"start":{"line":317,"column":12},"end":{"line":320,"column":13},"skip":true},"79":{"start":{"line":318,"column":16},"end":{"line":318,"column":75},"skip":true},"80":{"start":{"line":319,"column":16},"end":{"line":319,"column":23},"skip":true},"81":{"start":{"line":321,"column":12},"end":{"line":321,"column":38},"skip":true},"82":{"start":{"line":322,"column":12},"end":{"line":322,"column":27},"skip":true},"83":{"start":{"line":324,"column":8},"end":{"line":324,"column":14},"skip":true}},"branchMap":{"1":{"line":39,"type":"binary-expr","locations":[{"start":{"line":39,"column":23},"end":{"line":39,"column":62}},{"start":{"line":40,"column":20},"end":{"line":40,"column":70}},{"start":{"line":41,"column":20},"end":{"line":41,"column":71}},{"start":{"line":42,"column":20},"end":{"line":42,"column":29}}]},"2":{"line":44,"type":"binary-expr","locations":[{"start":{"line":44,"column":23},"end":{"line":44,"column":37}},{"start":{"line":45,"column":20},"end":{"line":45,"column":61}},{"start":{"line":46,"column":20},"end":{"line":46,"column":70}},{"start":{"line":47,"column":20},"end":{"line":47,"column":26}}]},"3":{"line":51,"type":"cond-expr","locations":[{"start":{"line":52,"column":14},"end":{"line":52,"column":20}},{"start":{"line":53,"column":14},"end":{"line":53,"column":20}}]},"4":{"line":55,"type":"binary-expr","locations":[{"start":{"line":55,"column":16},"end":{"line":55,"column":44}},{"start":{"line":55,"column":49},"end":{"line":57,"column":43}}]},"5":{"line":55,"type":"cond-expr","locations":[{"start":{"line":56,"column":14},"end":{"line":56,"column":49}},{"start":{"line":57,"column":14},"end":{"line":57,"column":43}}]},"6":{"line":61,"type":"switch","locations":[{"start":{"line":68,"column":4},"end":{"line":150,"column":14},"skip":true},{"start":{"line":156,"column":4},"end":{"line":324,"column":14},"skip":true}]},"7":{"line":70,"type":"if","locations":[{"start":{"line":70,"column":12},"end":{"line":70,"column":12},"skip":true},{"start":{"line":70,"column":12},"end":{"line":70,"column":12},"skip":true}]},"8":{"line":70,"type":"binary-expr","locations":[{"start":{"line":70,"column":16},"end":{"line":70,"column":22},"skip":true},{"start":{"line":70,"column":27},"end":{"line":70,"column":32},"skip":true},{"start":{"line":71,"column":20},"end":{"line":71,"column":39},"skip":true},{"start":{"line":72,"column":20},"end":{"line":72,"column":49},"skip":true},{"start":{"line":73,"column":20},"end":{"line":73,"column":58},"skip":true},{"start":{"line":74,"column":20},"end":{"line":74,"column":69},"skip":true}]},"9":{"line":79,"type":"switch","locations":[{"start":{"line":80,"column":20},"end":{"line":80,"column":33},"skip":true},{"start":{"line":81,"column":20},"end":{"line":83,"column":30},"skip":true},{"start":{"line":84,"column":20},"end":{"line":85,"column":49},"skip":true}]},"10":{"line":89,"type":"switch","locations":[{"start":{"line":90,"column":12},"end":{"line":103,"column":22},"skip":true},{"start":{"line":105,"column":12},"end":{"line":106,"column":22},"skip":true}]},"11":{"line":89,"type":"binary-expr","locations":[{"start":{"line":89,"column":20},"end":{"line":89,"column":25},"skip":true},{"start":{"line":89,"column":29},"end":{"line":89,"column":48},"skip":true},{"start":{"line":89,"column":52},"end":{"line":89,"column":74},"skip":true}]},"12":{"line":92,"type":"if","locations":[{"start":{"line":92,"column":16},"end":{"line":92,"column":16},"skip":true},{"start":{"line":92,"column":16},"end":{"line":92,"column":16},"skip":true}]},"13":{"line":108,"type":"if","locations":[{"start":{"line":108,"column":12},"end":{"line":108,"column":12},"skip":true},{"start":{"line":108,"column":12},"end":{"line":108,"column":12},"skip":true}]},"14":{"line":108,"type":"binary-expr","locations":[{"start":{"line":108,"column":16},"end":{"line":108,"column":61},"skip":true},{"start":{"line":108,"column":66},"end":{"line":108,"column":72},"skip":true},{"start":{"line":108,"column":77},"end":{"line":108,"column":82},"skip":true},{"start":{"line":109,"column":20},"end":{"line":109,"column":39},"skip":true},{"start":{"line":110,"column":20},"end":{"line":110,"column":49},"skip":true},{"start":{"line":111,"column":20},"end":{"line":111,"column":58},"skip":true},{"start":{"line":112,"column":20},"end":{"line":112,"column":68},"skip":true}]},"15":{"line":129,"type":"if","locations":[{"start":{"line":129,"column":16},"end":{"line":129,"column":16},"skip":true},{"start":{"line":129,"column":16},"end":{"line":129,"column":16},"skip":true}]},"16":{"line":134,"type":"cond-expr","locations":[{"start":{"line":135,"column":26},"end":{"line":135,"column":29},"skip":true},{"start":{"line":136,"column":26},"end":{"line":136,"column":54},"skip":true}]},"17":{"line":164,"type":"binary-expr","locations":[{"start":{"line":164,"column":27},"end":{"line":164,"column":43},"skip":true},{"start":{"line":164,"column":47},"end":{"line":164,"column":49},"skip":true}]},"18":{"line":258,"type":"if","locations":[{"start":{"line":258,"column":8},"end":{"line":258,"column":8},"skip":true},{"start":{"line":258,"column":8},"end":{"line":258,"column":8},"skip":true}]},"19":{"line":275,"type":"switch","locations":[{"start":{"line":276,"column":20},"end":{"line":277,"column":64},"skip":true},{"start":{"line":278,"column":20},"end":{"line":279,"column":40},"skip":true},{"start":{"line":280,"column":20},"end":{"line":281,"column":40},"skip":true},{"start":{"line":282,"column":20},"end":{"line":283,"column":39},"skip":true}]},"20":{"line":288,"type":"if","locations":[{"start":{"line":288,"column":8},"end":{"line":288,"column":8},"skip":true},{"start":{"line":288,"column":8},"end":{"line":288,"column":8},"skip":true}]},"21":{"line":288,"type":"binary-expr","locations":[{"start":{"line":288,"column":12},"end":{"line":288,"column":40},"skip":true},{"start":{"line":288,"column":44},"end":{"line":288,"column":67},"skip":true}]},"22":{"line":292,"type":"binary-expr","locations":[{"start":{"line":292,"column":12},"end":{"line":292,"column":50},"skip":true},{"start":{"line":293,"column":12},"end":{"line":293,"column":53},"skip":true}]},"23":{"line":297,"type":"binary-expr","locations":[{"start":{"line":297,"column":12},"end":{"line":297,"column":63},"skip":true},{"start":{"line":298,"column":12},"end":{"line":301,"column":36},"skip":true}]},"24":{"line":303,"type":"binary-expr","locations":[{"start":{"line":303,"column":43},"end":{"line":303,"column":75},"skip":true},{"start":{"line":303,"column":79},"end":{"line":303,"column":81},"skip":true}]},"25":{"line":306,"type":"if","locations":[{"start":{"line":306,"column":8},"end":{"line":306,"column":8},"skip":true},{"start":{"line":306,"column":8},"end":{"line":306,"column":8},"skip":true}]},"26":{"line":310,"type":"if","locations":[{"start":{"line":310,"column":8},"end":{"line":310,"column":8},"skip":true},{"start":{"line":310,"column":8},"end":{"line":310,"column":8},"skip":true}]},"27":{"line":313,"type":"binary-expr","locations":[{"start":{"line":313,"column":27},"end":{"line":313,"column":43},"skip":true},{"start":{"line":313,"column":47},"end":{"line":313,"column":53},"skip":true}]},"28":{"line":317,"type":"if","locations":[{"start":{"line":317,"column":12},"end":{"line":317,"column":12},"skip":true},{"start":{"line":317,"column":12},"end":{"line":317,"column":12},"skip":true}]}},"code":["/*","example.js","","quickstart example","","instruction","    1. save this script as example.js","    2. run the shell command:","        $ npm install npmtest-appjs && PORT=8081 node example.js","    3. play with the browser-demo on http://127.0.0.1:8081","*/","","","","/* istanbul instrument in package npmtest_appjs */","/*jslint","    bitwise: true,","    browser: true,","    maxerr: 8,","    maxlen: 96,","    node: true,","    nomen: true,","    regexp: true,","    stupid: true","*/","(function () {","    'use strict';","    var local;","","","","    // run shared js-env code - pre-init","    (function () {","        // init local","        local = {};","        // init modeJs","        local.modeJs = (function () {","            try {","                return typeof navigator.userAgent === 'string' &&","                    typeof document.querySelector('body') === 'object' &&","                    typeof XMLHttpRequest.prototype.open === 'function' &&","                    'browser';","            } catch (errorCaughtBrowser) {","                return module.exports &&","                    typeof process.versions.node === 'string' &&","                    typeof require('http').createServer === 'function' &&","                    'node';","            }","        }());","        // init global","        local.global = local.modeJs === 'browser'","            ? window","            : global;","        // init utility2_rollup","        local = local.global.utility2_rollup || (local.modeJs === 'browser'","            ? local.global.utility2_npmtest_appjs","            : global.utility2_moduleExports);","        // export local","        local.global.local = local;","    }());","    switch (local.modeJs) {","","","","    // post-init","    // run browser js-env code - post-init","    /* istanbul ignore next */","    case 'browser':","        local.testRunBrowser = function (event) {","            if (!event || (event &&","                    event.currentTarget &&","                    event.currentTarget.className &&","                    event.currentTarget.className.includes &&","                    event.currentTarget.className.includes('onreset'))) {","                // reset output","                Array.from(","                    document.querySelectorAll('body > .resettable')","                ).forEach(function (element) {","                    switch (element.tagName) {","                    case 'INPUT':","                    case 'TEXTAREA':","                        element.value = '';","                        break;","                    default:","                        element.textContent = '';","                    }","                });","            }","            switch (event && event.currentTarget && event.currentTarget.id) {","            case 'testRunButton1':","                // show tests","                if (document.querySelector('#testReportDiv1').style.display === 'none') {","                    document.querySelector('#testReportDiv1').style.display = 'block';","                    document.querySelector('#testRunButton1').textContent =","                        'hide internal test';","                    local.modeTest = true;","                    local.testRunDefault(local);","                // hide tests","                } else {","                    document.querySelector('#testReportDiv1').style.display = 'none';","                    document.querySelector('#testRunButton1').textContent = 'run internal test';","                }","                break;","            // custom-case","            default:","                break;","            }","            if (document.querySelector('#inputTextareaEval1') && (!event || (event &&","                    event.currentTarget &&","                    event.currentTarget.className &&","                    event.currentTarget.className.includes &&","                    event.currentTarget.className.includes('oneval')))) {","                // try to eval input-code","                try {","                    /*jslint evil: true*/","                    eval(document.querySelector('#inputTextareaEval1').value);","                } catch (errorCaught) {","                    console.error(errorCaught);","                }","            }","        };","        // log stderr and stdout to #outputTextareaStdout1","        ['error', 'log'].forEach(function (key) {","            console[key + '_original'] = console[key];","            console[key] = function () {","                var element;","                console[key + '_original'].apply(console, arguments);","                element = document.querySelector('#outputTextareaStdout1');","                if (!element) {","                    return;","                }","                // append text to #outputTextareaStdout1","                element.value += Array.from(arguments).map(function (arg) {","                    return typeof arg === 'string'","                        ? arg","                        : JSON.stringify(arg, null, 4);","                }).join(' ') + '\\n';","                // scroll textarea to bottom","                element.scrollTop = element.scrollHeight;","            };","        });","        // init event-handling","        ['change', 'click', 'keyup'].forEach(function (event) {","            Array.from(document.querySelectorAll('.on' + event)).forEach(function (element) {","                element.addEventListener(event, local.testRunBrowser);","            });","        });","        // run tests","        local.testRunBrowser();","        break;","","","","    // run node js-env code - post-init","    /* istanbul ignore next */","    case 'node':","        // export local","        module.exports = local;","        // require modules","        local.fs = require('fs');","        local.http = require('http');","        local.url = require('url');","        // init assets","        local.assetsDict = local.assetsDict || {};","        /* jslint-ignore-begin */","        local.assetsDict['/assets.index.template.html'] = '\\","<!doctype html>\\n\\","<html lang=\"en\">\\n\\","<head>\\n\\","<meta charset=\"UTF-8\">\\n\\","<meta name=\"viewport\" content=\"width=device-width, initial-scale=1\">\\n\\","<title>{{env.npm_package_name}} (v{{env.npm_package_version}})</title>\\n\\","<style>\\n\\","/*csslint\\n\\","    box-sizing: false,\\n\\","    universal-selector: false\\n\\","*/\\n\\","* {\\n\\","    box-sizing: border-box;\\n\\","}\\n\\","body {\\n\\","    background: #dde;\\n\\","    font-family: Arial, Helvetica, sans-serif;\\n\\","    margin: 2rem;\\n\\","}\\n\\","body > * {\\n\\","    margin-bottom: 1rem;\\n\\","}\\n\\",".utility2FooterDiv {\\n\\","    margin-top: 20px;\\n\\","    text-align: center;\\n\\","}\\n\\","</style>\\n\\","<style>\\n\\","/*csslint\\n\\","*/\\n\\","textarea {\\n\\","    font-family: monospace;\\n\\","    height: 10rem;\\n\\","    width: 100%;\\n\\","}\\n\\","textarea[readonly] {\\n\\","    background: #ddd;\\n\\","}\\n\\","</style>\\n\\","</head>\\n\\","<body>\\n\\","<!-- utility2-comment\\n\\","<div id=\"ajaxProgressDiv1\" style=\"background: #d00; height: 2px; left: 0; margin: 0; padding: 0; position: fixed; top: 0; transition: background 0.5s, width 1.5s; width: 25%;\"></div>\\n\\","utility2-comment -->\\n\\","<h1>\\n\\","<!-- utility2-comment\\n\\","    <a\\n\\","        {{#if env.npm_package_homepage}}\\n\\","        href=\"{{env.npm_package_homepage}}\"\\n\\","        {{/if env.npm_package_homepage}}\\n\\","        target=\"_blank\"\\n\\","    >\\n\\","utility2-comment -->\\n\\","        {{env.npm_package_name}} (v{{env.npm_package_version}})\\n\\","<!-- utility2-comment\\n\\","    </a>\\n\\","utility2-comment -->\\n\\","</h1>\\n\\","<h3>{{env.npm_package_description}}</h3>\\n\\","<!-- utility2-comment\\n\\","<h4><a download href=\"assets.app.js\">download standalone app</a></h4>\\n\\","<button class=\"onclick onreset\" id=\"testRunButton1\">run internal test</button><br>\\n\\","<div id=\"testReportDiv1\" style=\"display: none;\"></div>\\n\\","utility2-comment -->\\n\\","\\n\\","\\n\\","\\n\\","<label>stderr and stdout</label>\\n\\","<textarea class=\"resettable\" id=\"outputTextareaStdout1\" readonly></textarea>\\n\\","<!-- utility2-comment\\n\\","{{#if isRollup}}\\n\\","<script src=\"assets.app.js\"></script>\\n\\","{{#unless isRollup}}\\n\\","utility2-comment -->\\n\\","<script src=\"assets.utility2.rollup.js\"></script>\\n\\","<script src=\"jsonp.utility2._stateInit?callback=window.utility2._stateInit\"></script>\\n\\","<script src=\"assets.npmtest_appjs.rollup.js\"></script>\\n\\","<script src=\"assets.example.js\"></script>\\n\\","<script src=\"assets.test.js\"></script>\\n\\","<!-- utility2-comment\\n\\","{{/if isRollup}}\\n\\","utility2-comment -->\\n\\","<div class=\"utility2FooterDiv\">\\n\\","    [ this app was created with\\n\\","    <a href=\"https://github.com/kaizhu256/node-utility2\" target=\"_blank\">utility2</a>\\n\\","    ]\\n\\","</div>\\n\\","</body>\\n\\","</html>\\n\\","';","        /* jslint-ignore-end */","        if (local.templateRender) {","            local.assetsDict['/'] = local.templateRender(","                local.assetsDict['/assets.index.template.html'],","                {","                    env: local.objectSetDefault(local.env, {","                        npm_package_description: 'the greatest app in the world!',","                        npm_package_name: 'my-app',","                        npm_package_nameAlias: 'my_app',","                        npm_package_version: '0.0.1'","                    })","                }","            );","        } else {","            local.assetsDict['/'] = local.assetsDict['/assets.index.template.html']","                .replace((/\\{\\{env\\.(\\w+?)\\}\\}/g), function (match0, match1) {","                    // jslint-hack","                    String(match0);","                    switch (match1) {","                    case 'npm_package_description':","                        return 'the greatest app in the world!';","                    case 'npm_package_name':","                        return 'my-app';","                    case 'npm_package_nameAlias':","                        return 'my_app';","                    case 'npm_package_version':","                        return '0.0.1';","                    }","                });","        }","        // run the cli","        if (local.global.utility2_rollup || module !== require.main) {","            break;","        }","        local.assetsDict['/assets.example.js'] =","            local.assetsDict['/assets.example.js'] ||","            local.fs.readFileSync(__filename, 'utf8');","        // bug-workaround - long $npm_package_buildCustomOrg","        /* jslint-ignore-begin */","        local.assetsDict['/assets.npmtest_appjs.rollup.js'] =","            local.assetsDict['/assets.npmtest_appjs.rollup.js'] ||","            local.fs.readFileSync(","                local.npmtest_appjs.__dirname + '/lib.npmtest_appjs.js',","                'utf8'","            ).replace((/^#!/), '//');","        /* jslint-ignore-end */","        local.assetsDict['/favicon.ico'] = local.assetsDict['/favicon.ico'] || '';","        // if $npm_config_timeout_exit exists,","        // then exit this process after $npm_config_timeout_exit ms","        if (Number(process.env.npm_config_timeout_exit)) {","            setTimeout(process.exit, Number(process.env.npm_config_timeout_exit));","        }","        // start server","        if (local.global.utility2_serverHttp1) {","            break;","        }","        process.env.PORT = process.env.PORT || '8081';","        console.error('server starting on port ' + process.env.PORT);","        local.http.createServer(function (request, response) {","            request.urlParsed = local.url.parse(request.url);","            if (local.assetsDict[request.urlParsed.pathname] !== undefined) {","                response.end(local.assetsDict[request.urlParsed.pathname]);","                return;","            }","            response.statusCode = 404;","            response.end();","        }).listen(process.env.PORT);","        break;","    }","}());",""],"l":{"26":2,"28":2,"33":2,"35":2,"37":2,"38":2,"39":2,"44":1,"51":2,"55":2,"59":2,"61":2,"69":1,"70":2,"76":2,"79":2,"82":2,"83":2,"85":1,"89":2,"92":1,"93":1,"94":1,"96":1,"97":1,"100":1,"101":1,"103":1,"106":1,"108":2,"114":1,"116":1,"118":1,"123":1,"124":2,"125":2,"126":3,"127":3,"128":3,"129":3,"130":1,"133":3,"134":3,"139":3,"143":1,"144":3,"145":1,"149":1,"150":1,"158":1,"160":1,"161":1,"162":1,"164":1,"166":1,"258":1,"259":1,"271":1,"274":6,"275":6,"277":1,"279":2,"281":1,"283":2,"288":1,"289":1,"291":1,"296":1,"303":1,"306":1,"307":1,"310":1,"311":1,"313":1,"314":1,"315":1,"316":1,"317":1,"318":1,"319":1,"321":1,"322":1,"324":1}},"/home/travis/build/npmtest/node-npmtest-appjs/node_modules/appjs/lib/index.js":{"path":"/home/travis/build/npmtest/node-npmtest-appjs/node_modules/appjs/lib/index.js","s":{"1":2,"2":2,"3":0,"4":0},"b":{"1":[2,0],"2":[2,0]},"f":{},"fnMap":{},"statementMap":{"1":{"start":{"line":1,"column":0},"end":{"line":3,"column":1}},"2":{"start":{"line":2,"column":2},"end":{"line":2,"column":86}},"3":{"start":{"line":5,"column":0},"end":{"line":5,"column":27}},"4":{"start":{"line":7,"column":0},"end":{"line":7,"column":25}}},"branchMap":{"1":{"line":1,"type":"if","locations":[{"start":{"line":1,"column":0},"end":{"line":1,"column":0}},{"start":{"line":1,"column":0},"end":{"line":1,"column":0}}]},"2":{"line":1,"type":"binary-expr","locations":[{"start":{"line":1,"column":4},"end":{"line":1,"column":29}},{"start":{"line":1,"column":33},"end":{"line":1,"column":62}}]}},"code":["if (typeof Proxy !== 'object' || typeof WeakMap !== 'function') {","  throw new Error ('AppJS requires Node is run with the --harmony command line flag');","}","","var App = require('./App');","","module.exports = new App;",""],"l":{"1":2,"2":2,"5":0,"7":0}},"/home/travis/build/npmtest/node-npmtest-appjs/node_modules/appjs/cli/postinstall.js":{"path":"/home/travis/build/npmtest/node-npmtest-appjs/node_modules/appjs/cli/postinstall.js","s":{"1":1,"2":1,"3":1,"4":1,"5":1,"6":1,"7":0,"8":0,"9":1},"b":{"1":[1,0],"2":[0,1]},"f":{"1":1},"fnMap":{"1":{"name":"(anonymous_1)","line":14,"loc":{"start":{"line":14,"column":73},"end":{"line":14,"column":100}}}},"statementMap":{"1":{"start":{"line":1,"column":0},"end":{"line":6,"column":39}},"2":{"start":{"line":8,"column":0},"end":{"line":10,"column":1}},"3":{"start":{"line":9,"column":2},"end":{"line":9,"column":27}},"4":{"start":{"line":12,"column":0},"end":{"line":12,"column":52}},"5":{"start":{"line":14,"column":0},"end":{"line":23,"column":3}},"6":{"start":{"line":16,"column":2},"end":{"line":21,"column":3}},"7":{"start":{"line":17,"column":4},"end":{"line":17,"column":48}},"8":{"start":{"line":18,"column":4},"end":{"line":18,"column":91}},"9":{"start":{"line":20,"column":4},"end":{"line":20,"column":24}}},"branchMap":{"1":{"line":8,"type":"if","locations":[{"start":{"line":8,"column":0},"end":{"line":8,"column":0}},{"start":{"line":8,"column":0},"end":{"line":8,"column":0}}]},"2":{"line":16,"type":"if","locations":[{"start":{"line":16,"column":2},"end":{"line":16,"column":2}},{"start":{"line":16,"column":2},"end":{"line":16,"column":2}}]}},"code":["var path         = require('path'),","    //errorHandler = require('npm/lib/utils/error-handler'),","    exec         = require('child_process').exec,","    platform     = process.platform,","    arch         = process.arch,","    dependency   = 'appjs-' + platform;","","if (platform == \"linux\") {","  dependency += '-' + arch;","}","","console.log('Installing '+dependency+' package...');","","exec('npm install '+dependency,{cwd:path.resolve(__dirname,'../../../')},function(err,stdout,stderr){","","  if(err) {","    console.log('Error installing '+dependency);","    console.log('Please use `npm install '+dependency+' and install the package manually');","  } else {","    console.log(stderr);","  }","","});","/*npm.load({}, function(){","  npm.commands.install([dependency], errorHandler);","});*/","",""],"l":{"1":1,"8":1,"9":1,"12":1,"14":1,"16":1,"17":0,"18":0,"20":1}},"/home/travis/build/npmtest/node-npmtest-appjs/node_modules/appjs/lib/App.js":{"path":"/home/travis/build/npmtest/node-npmtest-appjs/node_modules/appjs/lib/App.js","s":{"1":2,"2":0,"3":0,"4":0,"5":0,"6":1,"7":0,"8":0,"9":0,"10":0,"11":0,"12":0,"13":0,"14":0,"15":0,"16":0,"17":0,"18":0,"19":0,"20":0,"21":0,"22":0,"23":0,"24":0,"25":0,"26":0,"27":0,"28":0,"29":0,"30":0,"31":0,"32":0,"33":0,"34":0,"35":0,"36":0,"37":0,"38":0,"39":0,"40":0,"41":0,"42":0,"43":0,"44":0,"45":0,"46":0,"47":0,"48":0,"49":0,"50":0,"51":0,"52":0,"53":0,"54":0,"55":0,"56":0,"57":0,"58":0,"59":0,"60":0},"b":{"1":[0,0],"2":[0,0],"3":[0,0],"4":[0,0],"5":[0,0],"6":[0,0],"7":[0,0]},"f":{"1":0,"2":0,"3":0,"4":0,"5":0,"6":0,"7":0,"8":0,"9":0,"10":0,"11":0,"12":0,"13":0,"14":0,"15":0,"16":0},"fnMap":{"1":{"name":"App","line":26,"loc":{"start":{"line":26,"column":0},"end":{"line":26,"column":14}}},"2":{"name":"(anonymous_2)","line":29,"loc":{"start":{"line":29,"column":27},"end":{"line":29,"column":37}}},"3":{"name":"(anonymous_3)","line":33,"loc":{"start":{"line":33,"column":30},"end":{"line":33,"column":57}}},"4":{"name":"createMenu","line":42,"loc":{"start":{"line":42,"column":2},"end":{"line":42,"column":30}}},"5":{"name":"createStatusIcon","line":52,"loc":{"start":{"line":52,"column":2},"end":{"line":52,"column":36}}},"6":{"name":"toString","line":64,"loc":{"start":{"line":64,"column":10},"end":{"line":64,"column":29}}},"7":{"name":"createWindow","line":70,"loc":{"start":{"line":70,"column":2},"end":{"line":70,"column":37}}},"8":{"name":"(anonymous_8)","line":84,"loc":{"start":{"line":84,"column":29},"end":{"line":84,"column":39}}},"9":{"name":"(anonymous_9)","line":89,"loc":{"start":{"line":89,"column":24},"end":{"line":89,"column":39}}},"10":{"name":"exit","line":97,"loc":{"start":{"line":97,"column":2},"end":{"line":97,"column":17}}},"11":{"name":"(anonymous_11)","line":100,"loc":{"start":{"line":100,"column":38},"end":{"line":100,"column":52}}},"12":{"name":"(anonymous_12)","line":107,"loc":{"start":{"line":107,"column":21},"end":{"line":107,"column":31}}},"13":{"name":"serveFilesFrom","line":111,"loc":{"start":{"line":111,"column":2},"end":{"line":111,"column":31}}},"14":{"name":"init","line":115,"loc":{"start":{"line":115,"column":2},"end":{"line":115,"column":25}}},"15":{"name":"pipe","line":135,"loc":{"start":{"line":135,"column":2},"end":{"line":135,"column":30}}},"16":{"name":"(anonymous_16)","line":137,"loc":{"start":{"line":137,"column":19},"end":{"line":137,"column":29}}}},"statementMap":{"1":{"start":{"line":1,"column":0},"end":{"line":10,"column":57}},"2":{"start":{"line":12,"column":0},"end":{"line":17,"column":45}},"3":{"start":{"line":19,"column":0},"end":{"line":19,"column":44}},"4":{"start":{"line":21,"column":0},"end":{"line":21,"column":99}},"5":{"start":{"line":24,"column":0},"end":{"line":24,"column":21}},"6":{"start":{"line":26,"column":0},"end":{"line":39,"column":1}},"7":{"start":{"line":27,"column":2},"end":{"line":27,"column":18}},"8":{"start":{"line":29,"column":2},"end":{"line":31,"column":5}},"9":{"start":{"line":30,"column":4},"end":{"line":30,"column":16}},"10":{"start":{"line":33,"column":2},"end":{"line":35,"column":5}},"11":{"start":{"line":34,"column":4},"end":{"line":34,"column":44}},"12":{"start":{"line":37,"column":2},"end":{"line":37,"column":20}},"13":{"start":{"line":38,"column":2},"end":{"line":38,"column":33}},"14":{"start":{"line":41,"column":0},"end":{"line":127,"column":3}},"15":{"start":{"line":43,"column":4},"end":{"line":45,"column":5}},"16":{"start":{"line":44,"column":6},"end":{"line":44,"column":18}},"17":{"start":{"line":47,"column":4},"end":{"line":48,"column":33}},"18":{"start":{"line":50,"column":4},"end":{"line":50,"column":16}},"19":{"start":{"line":53,"column":4},"end":{"line":55,"column":5}},"20":{"start":{"line":54,"column":6},"end":{"line":54,"column":18}},"21":{"start":{"line":57,"column":4},"end":{"line":59,"column":5}},"22":{"start":{"line":58,"column":6},"end":{"line":58,"column":71}},"23":{"start":{"line":61,"column":4},"end":{"line":62,"column":57}},"24":{"start":{"line":63,"column":8},"end":{"line":67,"column":11}},"25":{"start":{"line":65,"column":12},"end":{"line":65,"column":41}},"26":{"start":{"line":68,"column":4},"end":{"line":68,"column":28}},"27":{"start":{"line":71,"column":4},"end":{"line":73,"column":5}},"28":{"start":{"line":72,"column":6},"end":{"line":72,"column":18}},"29":{"start":{"line":75,"column":4},"end":{"line":75,"column":47}},"30":{"start":{"line":77,"column":4},"end":{"line":79,"column":42}},"31":{"start":{"line":81,"column":4},"end":{"line":81,"column":37}},"32":{"start":{"line":82,"column":4},"end":{"line":82,"column":40}},"33":{"start":{"line":84,"column":4},"end":{"line":87,"column":7}},"34":{"start":{"line":85,"column":6},"end":{"line":85,"column":27}},"35":{"start":{"line":86,"column":6},"end":{"line":86,"column":40}},"36":{"start":{"line":89,"column":4},"end":{"line":91,"column":7}},"37":{"start":{"line":90,"column":6},"end":{"line":90,"column":39}},"38":{"start":{"line":93,"column":4},"end":{"line":93,"column":39}},"39":{"start":{"line":95,"column":4},"end":{"line":95,"column":18}},"40":{"start":{"line":98,"column":4},"end":{"line":98,"column":22}},"41":{"start":{"line":100,"column":4},"end":{"line":105,"column":13}},"42":{"start":{"line":101,"column":6},"end":{"line":101,"column":38}},"43":{"start":{"line":102,"column":6},"end":{"line":104,"column":7}},"44":{"start":{"line":103,"column":8},"end":{"line":103,"column":23}},"45":{"start":{"line":107,"column":4},"end":{"line":109,"column":7}},"46":{"start":{"line":108,"column":6},"end":{"line":108,"column":32}},"47":{"start":{"line":112,"column":4},"end":{"line":112,"column":40}},"48":{"start":{"line":113,"column":4},"end":{"line":113,"column":16}},"49":{"start":{"line":116,"column":4},"end":{"line":122,"column":5}},"50":{"start":{"line":117,"column":6},"end":{"line":119,"column":9}},"51":{"start":{"line":120,"column":6},"end":{"line":120,"column":27}},"52":{"start":{"line":121,"column":6},"end":{"line":121,"column":34}},"53":{"start":{"line":123,"column":4},"end":{"line":123,"column":16}},"54":{"start":{"line":130,"column":0},"end":{"line":130,"column":70}},"55":{"start":{"line":131,"column":0},"end":{"line":131,"column":70}},"56":{"start":{"line":132,"column":0},"end":{"line":132,"column":70}},"57":{"start":{"line":134,"column":0},"end":{"line":141,"column":3}},"58":{"start":{"line":136,"column":4},"end":{"line":136,"column":27}},"59":{"start":{"line":137,"column":4},"end":{"line":139,"column":7}},"60":{"start":{"line":138,"column":6},"end":{"line":138,"column":57}}},"branchMap":{"1":{"line":43,"type":"if","locations":[{"start":{"line":43,"column":4},"end":{"line":43,"column":4}},{"start":{"line":43,"column":4},"end":{"line":43,"column":4}}]},"2":{"line":53,"type":"if","locations":[{"start":{"line":53,"column":4},"end":{"line":53,"column":4}},{"start":{"line":53,"column":4},"end":{"line":53,"column":4}}]},"3":{"line":57,"type":"if","locations":[{"start":{"line":57,"column":4},"end":{"line":57,"column":4}},{"start":{"line":57,"column":4},"end":{"line":57,"column":4}}]},"4":{"line":71,"type":"if","locations":[{"start":{"line":71,"column":4},"end":{"line":71,"column":4}},{"start":{"line":71,"column":4},"end":{"line":71,"column":4}}]},"5":{"line":102,"type":"if","locations":[{"start":{"line":102,"column":6},"end":{"line":102,"column":6}},{"start":{"line":102,"column":6},"end":{"line":102,"column":6}}]},"6":{"line":102,"type":"binary-expr","locations":[{"start":{"line":102,"column":10},"end":{"line":102,"column":16}},{"start":{"line":102,"column":20},"end":{"line":102,"column":32}}]},"7":{"line":116,"type":"if","locations":[{"start":{"line":116,"column":4},"end":{"line":116,"column":4}},{"start":{"line":116,"column":4},"end":{"line":116,"column":4}}]}},"code":["var EventEmitter     = require('events').EventEmitter,","    Router           = require('./router').Router,","    Window           = require('./window'),","    Menu             = require('./menu'),","    _App             = require('./bindings').App,","    NativeWindow     = require('./bindings').NativeWindow,","    NativeMenu       = require('./bindings').NativeMenu,","    NativeStatusIcon = require('./bindings').NativeStatusIcon,","    WindowSettings   = require('./settings').WindowSettings,","    AppSettings      = require('./settings').AppSettings;","","var _init          = require('./bindings').init,","    decorate       = require('./utils').decorate,","    inherit        = require('./utils').inherit,","    isObject       = require('./utils').isObject,","    staticRouter   = require('./router').staticRouter,","    pathResolve    = require('path').resolve;","","var concat         = Array.prototype.concat;","","var pipedEvents    = ['create', 'minimize', 'maximize', 'fullscreen', 'restore', 'move', 'resize'];","","","module.exports = App;","","function App(){","  var self = this;","","  process.on('appjs-exit', function(){","    self.exit();","  });","","  process.on('appjs-request', function(request, callback){","    self.emit('request', request, callback);","  });","","  this.windows = {};","  this.router = new Router(this);","}","","inherit(App, EventEmitter, [","  function createMenu(options){","    if (!this.settings) {","      this.init();","    }","","    var self = this,","        menu = new Menu(options);","","    return menu;","  },","  function createStatusIcon(options){","    if (!this.settings) {","      this.init();","    }","","    if(options.icon) {","      options.icon = pathResolve(__dirname,'../../../..',options.icon);","    }","","    var self = this,","        nativeStatusIcon = new NativeStatusIcon(options);","        inherit(nativeStatusIcon, EventEmitter, [","          function toString(){","            return '[object StatusIcon]';","          }","        ]);","    return nativeStatusIcon;","  },","  function createWindow(url, options){","    if (!this.settings) {","      this.init();","    }","","    options = new WindowSettings(url, options);","","    var self = this,","        nativeWindow = new NativeWindow(options),","        window = new Window(nativeWindow);","","    nativeWindow.name = options.name;","    this.windows[options.name] = window;","","    nativeWindow.on('close', function(){","      window.emit('close');","      delete self.windows[options.name];","    });","","    pipedEvents.forEach(function(event){","      nativeWindow.pipe(event, window);","    });","","    this.emit('create-window', window);","","    return window;","  },","  function exit(){","    this.emit('exit');","","    Object.keys(this.windows).forEach(function(name){","      var window = this.windows[name];","      if (window && window.close) {","        window.close();","      }","    }, this);","","    process.nextTick(function(){","      process.kill(process.pid);","    });","  },","  function serveFilesFrom(root){","    this.router.use(staticRouter(root));","    return this;","  },","  function init(settings){","    if (!this.settings) {","      decorate(this, true, {","        settings: Object.freeze(new AppSettings(settings))","      });","      _init(this.settings);","      this.emit('init', settings);","    }","    return this;","  },","  _App.screenHeight,","  _App.screenWidth,","]);","","","NativeMenu.prototype.__proto__       = process.EventEmitter.prototype;","NativeWindow.prototype.__proto__     = process.EventEmitter.prototype;","NativeStatusIcon.prototype.__proto__ = process.EventEmitter.prototype;","","decorate(NativeWindow.prototype, [","  function pipe(event, target){","    var emit = target.emit;","    this.on(event, function(){","      emit.apply(target, concat.apply(event, arguments));","    });","  }","]);",""],"l":{"1":2,"12":0,"19":0,"21":0,"24":0,"26":1,"27":0,"29":0,"30":0,"33":0,"34":0,"37":0,"38":0,"41":0,"43":0,"44":0,"47":0,"50":0,"53":0,"54":0,"57":0,"58":0,"61":0,"63":0,"65":0,"68":0,"71":0,"72":0,"75":0,"77":0,"81":0,"82":0,"84":0,"85":0,"86":0,"89":0,"90":0,"93":0,"95":0,"98":0,"100":0,"101":0,"102":0,"103":0,"107":0,"108":0,"112":0,"113":0,"116":0,"117":0,"120":0,"121":0,"123":0,"130":0,"131":0,"132":0,"134":0,"136":0,"137":0,"138":0}},"/home/travis/build/npmtest/node-npmtest-appjs/node_modules/appjs/lib/router/index.js":{"path":"/home/travis/build/npmtest/node-npmtest-appjs/node_modules/appjs/lib/router/index.js","s":{"1":1},"b":{},"f":{},"fnMap":{},"statementMap":{"1":{"start":{"line":1,"column":0},"end":{"line":6,"column":2}}},"branchMap":{},"code":["module.exports = {","  Response: require('./Response'),","  Request: require('./Request'),","  Router: require('./Router'),","  staticRouter: require('./static-router')","};",""],"l":{"1":1}},"/home/travis/build/npmtest/node-npmtest-appjs/node_modules/appjs/lib/router/Response.js":{"path":"/home/travis/build/npmtest/node-npmtest-appjs/node_modules/appjs/lib/router/Response.js","s":{"1":1,"2":1,"3":1,"4":1,"5":1,"6":0,"7":0,"8":0,"9":1,"10":0,"11":0,"12":0,"13":0,"14":0,"15":0,"16":0,"17":0,"18":0,"19":0,"20":0,"21":0,"22":0,"23":0,"24":0,"25":0,"26":0,"27":0,"28":0,"29":0,"30":0,"31":0,"32":0,"33":0,"34":0,"35":0,"36":0,"37":0,"38":0,"39":0,"40":0,"41":0,"42":0,"43":0,"44":0,"45":0,"46":0,"47":0,"48":0,"49":0,"50":0,"51":0,"52":0,"53":0,"54":0,"55":0,"56":0,"57":0,"58":1,"59":1,"60":0,"61":1,"62":1,"63":1,"64":1,"65":1,"66":3,"67":3,"68":3,"69":1,"70":0,"71":0,"72":0,"73":0,"74":1,"75":3,"76":0,"77":0,"78":0,"79":0,"80":0,"81":0,"82":0,"83":0,"84":0,"85":0,"86":0,"87":0,"88":0,"89":0,"90":0,"91":0,"92":0,"93":0,"94":0,"95":0,"96":0,"97":0,"98":0,"99":1},"b":{"1":[0,0],"2":[0,0],"3":[0,0],"4":[0,0],"5":[0,0],"6":[0,0],"7":[0,0],"8":[0,0],"9":[0,0],"10":[0,0],"11":[0,0],"12":[0,0],"13":[0,0],"14":[0,0],"15":[0,0],"16":[0,0],"17":[0,0],"18":[0,1],"19":[1,0],"20":[0,1],"21":[0,0],"22":[0,0],"23":[0,0]},"f":{"1":0,"2":0,"3":0,"4":0,"5":0,"6":0,"7":0,"8":0,"9":0,"10":0,"11":1,"12":3,"13":1,"14":0,"15":0,"16":0,"17":0,"18":0,"19":0,"20":0,"21":0,"22":0},"fnMap":{"1":{"name":"Response","line":18,"loc":{"start":{"line":18,"column":0},"end":{"line":18,"column":36}}},"2":{"name":"status","line":28,"loc":{"start":{"line":28,"column":2},"end":{"line":28,"column":25}}},"3":{"name":"end","line":32,"loc":{"start":{"line":32,"column":2},"end":{"line":32,"column":20}}},"4":{"name":"send","line":36,"loc":{"start":{"line":36,"column":2},"end":{"line":36,"column":39}}},"5":{"name":"dispatch","line":56,"loc":{"start":{"line":56,"column":2},"end":{"line":56,"column":21}}},"6":{"name":"redirect","line":77,"loc":{"start":{"line":77,"column":2},"end":{"line":77,"column":32}}},"7":{"name":"setHeader","line":83,"loc":{"start":{"line":83,"column":2},"end":{"line":83,"column":34}}},"8":{"name":"sendFile","line":86,"loc":{"start":{"line":86,"column":2},"end":{"line":86,"column":37}}},"9":{"name":"(anonymous_9)","line":95,"loc":{"start":{"line":95,"column":23},"end":{"line":95,"column":42}}},"10":{"name":"(anonymous_10)","line":100,"loc":{"start":{"line":100,"column":31},"end":{"line":100,"column":52}}},"11":{"name":"Headers","line":113,"loc":{"start":{"line":113,"column":0},"end":{"line":113,"column":22}}},"12":{"name":"setHeader","line":126,"loc":{"start":{"line":126,"column":2},"end":{"line":126,"column":33}}},"13":{"name":"setHeaders","line":131,"loc":{"start":{"line":131,"column":2},"end":{"line":131,"column":29}}},"14":{"name":"(anonymous_14)","line":133,"loc":{"start":{"line":133,"column":35},"end":{"line":133,"column":49}}},"15":{"name":"inheritHeaders","line":144,"loc":{"start":{"line":144,"column":2},"end":{"line":144,"column":33}}},"16":{"name":"getHeader","line":157,"loc":{"start":{"line":157,"column":2},"end":{"line":157,"column":26}}},"17":{"name":"removeHeader","line":160,"loc":{"start":{"line":160,"column":2},"end":{"line":160,"column":29}}},"18":{"name":"listHeaders","line":165,"loc":{"start":{"line":165,"column":2},"end":{"line":165,"column":24}}},"19":{"name":"toArrays","line":170,"loc":{"start":{"line":170,"column":2},"end":{"line":170,"column":21}}},"20":{"name":"toObject","line":178,"loc":{"start":{"line":178,"column":2},"end":{"line":178,"column":21}}},"21":{"name":"(anonymous_21)","line":180,"loc":{"start":{"line":180,"column":31},"end":{"line":180,"column":44}}},"22":{"name":"child","line":185,"loc":{"start":{"line":185,"column":2},"end":{"line":185,"column":18}}}},"statementMap":{"1":{"start":{"line":1,"column":0},"end":{"line":8,"column":50}},"2":{"start":{"line":10,"column":0},"end":{"line":10,"column":26}},"3":{"start":{"line":12,"column":0},"end":{"line":12,"column":67}},"4":{"start":{"line":16,"column":0},"end":{"line":16,"column":26}},"5":{"start":{"line":18,"column":0},"end":{"line":22,"column":1}},"6":{"start":{"line":19,"column":2},"end":{"line":19,"column":27}},"7":{"start":{"line":20,"column":2},"end":{"line":20,"column":25}},"8":{"start":{"line":21,"column":2},"end":{"line":21,"column":37}},"9":{"start":{"line":24,"column":0},"end":{"line":111,"column":3}},"10":{"start":{"line":29,"column":4},"end":{"line":29,"column":29}},"11":{"start":{"line":30,"column":4},"end":{"line":30,"column":16}},"12":{"start":{"line":34,"column":4},"end":{"line":34,"column":44}},"13":{"start":{"line":38,"column":4},"end":{"line":52,"column":5}},"14":{"start":{"line":39,"column":6},"end":{"line":44,"column":7}},"15":{"start":{"line":40,"column":8},"end":{"line":40,"column":33}},"16":{"start":{"line":42,"column":8},"end":{"line":42,"column":36}},"17":{"start":{"line":43,"column":8},"end":{"line":43,"column":27}},"18":{"start":{"line":45,"column":11},"end":{"line":52,"column":5}},"19":{"start":{"line":46,"column":6},"end":{"line":46,"column":31}},"20":{"start":{"line":47,"column":6},"end":{"line":47,"column":78}},"21":{"start":{"line":49,"column":6},"end":{"line":49,"column":31}},"22":{"start":{"line":50,"column":6},"end":{"line":50,"column":31}},"23":{"start":{"line":51,"column":6},"end":{"line":51,"column":66}},"24":{"start":{"line":54,"column":4},"end":{"line":54,"column":20}},"25":{"start":{"line":57,"column":4},"end":{"line":57,"column":50}},"26":{"start":{"line":58,"column":4},"end":{"line":58,"column":52}},"27":{"start":{"line":59,"column":4},"end":{"line":59,"column":42}},"28":{"start":{"line":60,"column":4},"end":{"line":60,"column":54}},"29":{"start":{"line":62,"column":4},"end":{"line":71,"column":5}},"30":{"start":{"line":63,"column":6},"end":{"line":70,"column":7}},"31":{"start":{"line":64,"column":8},"end":{"line":64,"column":43}},"32":{"start":{"line":65,"column":8},"end":{"line":65,"column":58}},"33":{"start":{"line":66,"column":13},"end":{"line":70,"column":7}},"34":{"start":{"line":67,"column":8},"end":{"line":67,"column":42}},"35":{"start":{"line":69,"column":8},"end":{"line":69,"column":26}},"36":{"start":{"line":73,"column":4},"end":{"line":73,"column":63}},"37":{"start":{"line":74,"column":4},"end":{"line":74,"column":58}},"38":{"start":{"line":75,"column":4},"end":{"line":75,"column":105}},"39":{"start":{"line":78,"column":4},"end":{"line":78,"column":26}},"40":{"start":{"line":79,"column":4},"end":{"line":79,"column":87}},"41":{"start":{"line":80,"column":4},"end":{"line":80,"column":20}},"42":{"start":{"line":81,"column":4},"end":{"line":81,"column":16}},"43":{"start":{"line":84,"column":4},"end":{"line":84,"column":41}},"44":{"start":{"line":87,"column":4},"end":{"line":87,"column":20}},"45":{"start":{"line":88,"column":4},"end":{"line":93,"column":5}},"46":{"start":{"line":89,"column":6},"end":{"line":89,"column":41}},"47":{"start":{"line":90,"column":6},"end":{"line":90,"column":31}},"48":{"start":{"line":92,"column":6},"end":{"line":92,"column":39}},"49":{"start":{"line":95,"column":4},"end":{"line":109,"column":7}},"50":{"start":{"line":96,"column":6},"end":{"line":108,"column":7}},"51":{"start":{"line":97,"column":8},"end":{"line":97,"column":23}},"52":{"start":{"line":99,"column":8},"end":{"line":99,"column":47}},"53":{"start":{"line":100,"column":8},"end":{"line":107,"column":11}},"54":{"start":{"line":101,"column":10},"end":{"line":106,"column":11}},"55":{"start":{"line":102,"column":12},"end":{"line":102,"column":27}},"56":{"start":{"line":104,"column":12},"end":{"line":104,"column":31}},"57":{"start":{"line":105,"column":12},"end":{"line":105,"column":28}},"58":{"start":{"line":113,"column":0},"end":{"line":123,"column":1}},"59":{"start":{"line":114,"column":2},"end":{"line":122,"column":3}},"60":{"start":{"line":115,"column":4},"end":{"line":115,"column":30}},"61":{"start":{"line":117,"column":4},"end":{"line":117,"column":37}},"62":{"start":{"line":118,"column":4},"end":{"line":118,"column":39}},"63":{"start":{"line":119,"column":4},"end":{"line":121,"column":5}},"64":{"start":{"line":120,"column":6},"end":{"line":120,"column":28}},"65":{"start":{"line":125,"column":0},"end":{"line":188,"column":3}},"66":{"start":{"line":127,"column":4},"end":{"line":127,"column":33}},"67":{"start":{"line":128,"column":4},"end":{"line":128,"column":27}},"68":{"start":{"line":129,"column":4},"end":{"line":129,"column":30}},"69":{"start":{"line":132,"column":4},"end":{"line":142,"column":5}},"70":{"start":{"line":133,"column":6},"end":{"line":137,"column":15}},"71":{"start":{"line":134,"column":8},"end":{"line":134,"column":37}},"72":{"start":{"line":135,"column":8},"end":{"line":135,"column":31}},"73":{"start":{"line":136,"column":8},"end":{"line":136,"column":48}},"74":{"start":{"line":139,"column":6},"end":{"line":141,"column":7}},"75":{"start":{"line":140,"column":8},"end":{"line":140,"column":37}},"76":{"start":{"line":145,"column":4},"end":{"line":155,"column":5}},"77":{"start":{"line":146,"column":6},"end":{"line":152,"column":7}},"78":{"start":{"line":147,"column":8},"end":{"line":147,"column":49}},"79":{"start":{"line":148,"column":8},"end":{"line":148,"column":53}},"80":{"start":{"line":150,"column":8},"end":{"line":150,"column":44}},"81":{"start":{"line":151,"column":8},"end":{"line":151,"column":48}},"82":{"start":{"line":158,"column":4},"end":{"line":158,"column":44}},"83":{"start":{"line":161,"column":4},"end":{"line":161,"column":33}},"84":{"start":{"line":162,"column":4},"end":{"line":162,"column":27}},"85":{"start":{"line":163,"column":4},"end":{"line":163,"column":29}},"86":{"start":{"line":166,"column":4},"end":{"line":166,"column":18}},"87":{"start":{"line":167,"column":4},"end":{"line":167,"column":31}},"88":{"start":{"line":168,"column":4},"end":{"line":168,"column":13}},"89":{"start":{"line":171,"column":4},"end":{"line":171,"column":40}},"90":{"start":{"line":172,"column":4},"end":{"line":175,"column":5}},"91":{"start":{"line":173,"column":6},"end":{"line":173,"column":36}},"92":{"start":{"line":174,"column":6},"end":{"line":174,"column":40}},"93":{"start":{"line":176,"column":4},"end":{"line":176,"column":15}},"94":{"start":{"line":179,"column":4},"end":{"line":179,"column":17}},"95":{"start":{"line":180,"column":4},"end":{"line":182,"column":13}},"96":{"start":{"line":181,"column":6},"end":{"line":181,"column":47}},"97":{"start":{"line":183,"column":4},"end":{"line":183,"column":15}},"98":{"start":{"line":186,"column":4},"end":{"line":186,"column":29}},"99":{"start":{"line":192,"column":0},"end":{"line":196,"column":3}}},"branchMap":{"1":{"line":38,"type":"if","locations":[{"start":{"line":38,"column":4},"end":{"line":38,"column":4}},{"start":{"line":38,"column":4},"end":{"line":38,"column":4}}]},"2":{"line":39,"type":"if","locations":[{"start":{"line":39,"column":6},"end":{"line":39,"column":6}},{"start":{"line":39,"column":6},"end":{"line":39,"column":6}}]},"3":{"line":45,"type":"if","locations":[{"start":{"line":45,"column":11},"end":{"line":45,"column":11}},{"start":{"line":45,"column":11},"end":{"line":45,"column":11}}]},"4":{"line":47,"type":"cond-expr","locations":[{"start":{"line":47,"column":46},"end":{"line":47,"column":54}},{"start":{"line":47,"column":57},"end":{"line":47,"column":77}}]},"5":{"line":51,"type":"cond-expr","locations":[{"start":{"line":51,"column":42},"end":{"line":51,"column":46}},{"start":{"line":51,"column":49},"end":{"line":51,"column":65}}]},"6":{"line":57,"type":"binary-expr","locations":[{"start":{"line":57,"column":4},"end":{"line":57,"column":19}},{"start":{"line":57,"column":27},"end":{"line":57,"column":48}}]},"7":{"line":58,"type":"binary-expr","locations":[{"start":{"line":58,"column":4},"end":{"line":58,"column":17}},{"start":{"line":58,"column":23},"end":{"line":58,"column":50}}]},"8":{"line":59,"type":"binary-expr","locations":[{"start":{"line":59,"column":4},"end":{"line":59,"column":13}},{"start":{"line":59,"column":23},"end":{"line":59,"column":40}}]},"9":{"line":62,"type":"if","locations":[{"start":{"line":62,"column":4},"end":{"line":62,"column":4}},{"start":{"line":62,"column":4},"end":{"line":62,"column":4}}]},"10":{"line":63,"type":"if","locations":[{"start":{"line":63,"column":6},"end":{"line":63,"column":6}},{"start":{"line":63,"column":6},"end":{"line":63,"column":6}}]},"11":{"line":63,"type":"binary-expr","locations":[{"start":{"line":63,"column":10},"end":{"line":63,"column":28}},{"start":{"line":63,"column":32},"end":{"line":63,"column":61}}]},"12":{"line":66,"type":"if","locations":[{"start":{"line":66,"column":13},"end":{"line":66,"column":13}},{"start":{"line":66,"column":13},"end":{"line":66,"column":13}}]},"13":{"line":66,"type":"binary-expr","locations":[{"start":{"line":66,"column":17},"end":{"line":66,"column":46}},{"start":{"line":66,"column":50},"end":{"line":66,"column":79}}]},"14":{"line":88,"type":"if","locations":[{"start":{"line":88,"column":4},"end":{"line":88,"column":4}},{"start":{"line":88,"column":4},"end":{"line":88,"column":4}}]},"15":{"line":96,"type":"if","locations":[{"start":{"line":96,"column":6},"end":{"line":96,"column":6}},{"start":{"line":96,"column":6},"end":{"line":96,"column":6}}]},"16":{"line":96,"type":"binary-expr","locations":[{"start":{"line":96,"column":10},"end":{"line":96,"column":13}},{"start":{"line":96,"column":17},"end":{"line":96,"column":31}}]},"17":{"line":101,"type":"if","locations":[{"start":{"line":101,"column":10},"end":{"line":101,"column":10}},{"start":{"line":101,"column":10},"end":{"line":101,"column":10}}]},"18":{"line":114,"type":"if","locations":[{"start":{"line":114,"column":2},"end":{"line":114,"column":2}},{"start":{"line":114,"column":2},"end":{"line":114,"column":2}}]},"19":{"line":119,"type":"if","locations":[{"start":{"line":119,"column":4},"end":{"line":119,"column":4}},{"start":{"line":119,"column":4},"end":{"line":119,"column":4}}]},"20":{"line":132,"type":"if","locations":[{"start":{"line":132,"column":4},"end":{"line":132,"column":4}},{"start":{"line":132,"column":4},"end":{"line":132,"column":4}}]},"21":{"line":145,"type":"
[...]
path = require('path');","","var NativeMenu    = require('./bindings').NativeMenu,","    EventEmitter  = require('events').EventEmitter,","    inherit  = require('./utils').inherit;","","module.exports = Menu;","","function Menu(options){","","  normalizeItems(options);","","  var nativeMenu = new NativeMenu(options);","","  inherit(nativeMenu, EventEmitter, [","    function toString(){","      return '[object Menu]';","    }","  ]);","","  return nativeMenu;","}","","var normalizeItems = function(options){","  normalizeMnemonic(options);","  normalize(options);","}","","var normalizeMnemonic = function(options){","","  // OSX does not support mnemonics for menu,","  // it only supports submenu mnemonics ","  if( process.platform == 'darwin') {","    for(i in options) {","      options[i]['label'] = options[i]['label'].replace(/(&)(\\w)/g,'$2');","    }","  }","","  if( process.platform != 'linux') {","    return;","  }","","  for(i in options) {","    options[i]['label'] = options[i]['label'].replace(/(&)(\\w)/g,'_$2');","    normalizeMnemonic(options[i]['submenu']);","  }","}","","var normalize = function(options){","  for(i in options) {","    if(options[i].hasOwnProperty('icon')){","      options[i]['icon'] = path.resolve(__dirname,'../../../..',options[i]['icon']);","    }","    normalize(options[i]['submenu']);","  }","}",""],"l":{"1":2,"4":2,"8":0,"10":1,"12":0,"14":0,"16":0,"18":0,"22":0,"25":0,"26":0,"27":0,"30":0,"34":0,"35":0,"36":0,"40":0,"41":0,"44":0,"45":0,"46":0,"50":0,"51":0,"52":0,"53":0,"55":0}},"/home/travis/build/npmtest/node-npmtest-appjs/node_modules/appjs/lib/settings.js":{"path":"/home/travis/build/npmtest/node-npmtest-appjs/node_modules/appjs/lib/settings.js","s":{"1":2,"2":0,"3":1,"4":0,"5":0,"6":0,"7":0,"8":0,"9":0,"10":1,"11":0,"12":0,"13":0,"14":0,"15":0,"16":0,"17":0,"18":0,"19":0,"20":0,"21":0,"22":0,"23":0,"24":0,"25":0,"26":0,"27":0,"28":0,"29":0,"30":0,"31":0,"32":0,"33":0,"34":0,"35":1,"36":0,"37":0,"38":0,"39":0,"40":0,"41":0,"42":0,"43":0,"44":0,"45":0,"46":0,"47":0,"48":0,"49":0,"50":0,"51":0,"52":0,"53":0,"54":0,"55":0,"56":0,"57":0,"58":0,"59":0,"60":0,"61":0,"62":0,"63":0,"64":0,"65":0,"66":0,"67":0,"68":0,"69":0,"70":0,"71":0,"72":0,"73":0,"74":0,"75":0},"b":{"1":[0,0],"2":[0,0],"3":[0,0],"4":[0,0],"5":[0,0],"6":[0,0],"7":[0,0],"8":[0,0],"9":[0,0],"10":[0,0],"11":[0,0],"12":[0,0],"13":[0,0],"14":[0,0],"15":[0,0],"16":[0,0],"17":[0,0]},"f":{"1":0,"2":0,"3":0,"4":0,"5":0,"6":0,"7":0,"8":0,"9":0,"10":0,"11":0,"12":0,"13":0,"14":0,"15":0,"16":0,"17":0},"fnMap":{"1":{"name":"AppSettings","line":15,"loc":{"start":{"line":15,"column":0},"end":{"line":15,"column":23}}},"2":{"name":"createAppSettings","line":21,"loc":{"start":{"line":21,"column":21},"end":{"line":21,"column":50}}},"3":{"name":"WindowSettings","line":109,"loc":{"start":{"line":109,"column":0},"end":{"line":109,"column":26}}},"4":{"name":"createWindowSettings","line":127,"loc":{"start":{"line":127,"column":24},"end":{"line":127,"column":56}}},"5":{"name":"(anonymous_5)","line":131,"loc":{"start":{"line":131,"column":28},"end":{"line":131,"column":38}}},"6":{"name":"createName","line":140,"loc":{"start":{"line":140,"column":9},"end":{"line":140,"column":30}}},"7":{"name":"IconGroup","line":183,"loc":{"start":{"line":183,"column":0},"end":{"line":183,"column":21}}},"8":{"name":"(anonymous_8)","line":185,"loc":{"start":{"line":185,"column":27},"end":{"line":185,"column":40}}},"9":{"name":"(anonymous_9)","line":195,"loc":{"start":{"line":195,"column":23},"end":{"line":195,"column":36}}},"10":{"name":"createIconGroup","line":201,"loc":{"start":{"line":201,"column":19},"end":{"line":201,"column":46}}},"11":{"name":"setRoot","line":207,"loc":{"start":{"line":207,"column":2},"end":{"line":207,"column":24}}},"12":{"name":"(anonymous_12)","line":215,"loc":{"start":{"line":215,"column":18},"end":{"line":215,"column":32}}},"13":{"name":"setObject","line":221,"loc":{"start":{"line":221,"column":2},"end":{"line":221,"column":25}}},"14":{"name":"setArray","line":230,"loc":{"start":{"line":230,"column":2},"end":{"line":230,"column":26}}},"15":{"name":"(anonymous_15)","line":231,"loc":{"start":{"line":231,"column":18},"end":{"line":231,"column":32}}},"16":{"name":"resolve","line":242,"loc":{"start":{"line":242,"column":2},"end":{"line":242,"column":20}}},"17":{"name":"(anonymous_17)","line":243,"loc":{"start":{"line":243,"column":30},"end":{"line":243,"column":43}}}},"statementMap":{"1":{"start":{"line":1,"column":0},"end":{"line":6,"column":54}},"2":{"start":{"line":9,"column":0},"end":{"line":13,"column":2}},"3":{"start":{"line":15,"column":0},"end":{"line":19,"column":1}},"4":{"start":{"line":16,"column":2},"end":{"line":18,"column":3}},"5":{"start":{"line":17,"column":4},"end":{"line":17,"column":19}},"6":{"start":{"line":21,"column":0},"end":{"line":23,"column":2}},"7":{"start":{"line":22,"column":2},"end":{"line":22,"column":28}},"8":{"start":{"line":25,"column":0},"end":{"line":32,"column":3}},"9":{"start":{"line":35,"column":0},"end":{"line":105,"column":3}},"10":{"start":{"line":109,"column":0},"end":{"line":125,"column":1}},"11":{"start":{"line":110,"column":2},"end":{"line":117,"column":3}},"12":{"start":{"line":111,"column":4},"end":{"line":116,"column":5}},"13":{"start":{"line":112,"column":6},"end":{"line":112,"column":27}},"14":{"start":{"line":113,"column":6},"end":{"line":113,"column":23}},"15":{"start":{"line":115,"column":6},"end":{"line":115,"column":21}},"16":{"start":{"line":118,"column":2},"end":{"line":120,"column":3}},"17":{"start":{"line":119,"column":4},"end":{"line":119,"column":19}},"18":{"start":{"line":121,"column":2},"end":{"line":121,"column":41}},"19":{"start":{"line":122,"column":2},"end":{"line":124,"column":3}},"20":{"start":{"line":123,"column":4},"end":{"line":123,"column":44}},"21":{"start":{"line":127,"column":0},"end":{"line":129,"column":2}},"22":{"start":{"line":128,"column":2},"end":{"line":128,"column":31}},"23":{"start":{"line":131,"column":0},"end":{"line":148,"column":4}},"24":{"start":{"line":132,"column":2},"end":{"line":137,"column":4}},"25":{"start":{"line":138,"column":2},"end":{"line":138,"column":29}},"26":{"start":{"line":140,"column":2},"end":{"line":147,"column":4}},"27":{"start":{"line":141,"column":4},"end":{"line":141,"column":39}},"28":{"start":{"line":142,"column":4},"end":{"line":145,"column":5}},"29":{"start":{"line":143,"column":6},"end":{"line":143,"column":16}},"30":{"start":{"line":144,"column":6},"end":{"line":144,"column":33}},"31":{"start":{"line":146,"column":4},"end":{"line":146,"column":16}},"32":{"start":{"line":150,"column":0},"end":{"line":166,"column":3}},"33":{"start":{"line":168,"column":0},"end":{"line":169,"column":36}},"34":{"start":{"line":171,"column":0},"end":{"line":180,"column":2}},"35":{"start":{"line":183,"column":0},"end":{"line":199,"column":1}},"36":{"start":{"line":184,"column":2},"end":{"line":198,"column":3}},"37":{"start":{"line":185,"column":4},"end":{"line":187,"column":13}},"38":{"start":{"line":186,"column":6},"end":{"line":186,"column":25}},"39":{"start":{"line":188,"column":9},"end":{"line":198,"column":3}},"40":{"start":{"line":189,"column":4},"end":{"line":189,"column":20}},"41":{"start":{"line":190,"column":9},"end":{"line":198,"column":3}},"42":{"start":{"line":191,"column":4},"end":{"line":191,"column":22}},"43":{"start":{"line":192,"column":9},"end":{"line":198,"column":3}},"44":{"start":{"line":193,"column":4},"end":{"line":193,"column":21}},"45":{"start":{"line":195,"column":4},"end":{"line":197,"column":13}},"46":{"start":{"line":196,"column":6},"end":{"line":196,"column":21}},"47":{"start":{"line":201,"column":0},"end":{"line":203,"column":2}},"48":{"start":{"line":202,"column":2},"end":{"line":202,"column":26}},"49":{"start":{"line":206,"column":0},"end":{"line":251,"column":3}},"50":{"start":{"line":208,"column":4},"end":{"line":214,"column":5}},"51":{"start":{"line":209,"column":6},"end":{"line":209,"column":29}},"52":{"start":{"line":210,"column":11},"end":{"line":214,"column":5}},"53":{"start":{"line":211,"column":6},"end":{"line":211,"column":30}},"54":{"start":{"line":213,"column":6},"end":{"line":213,"column":18}},"55":{"start":{"line":215,"column":4},"end":{"line":217,"column":13}},"56":{"start":{"line":216,"column":6},"end":{"line":216,"column":60}},"57":{"start":{"line":218,"column":4},"end":{"line":218,"column":19}},"58":{"start":{"line":219,"column":4},"end":{"line":219,"column":16}},"59":{"start":{"line":222,"column":4},"end":{"line":226,"column":5}},"60":{"start":{"line":223,"column":6},"end":{"line":225,"column":7}},"61":{"start":{"line":224,"column":8},"end":{"line":224,"column":34}},"62":{"start":{"line":227,"column":4},"end":{"line":227,"column":19}},"63":{"start":{"line":228,"column":4},"end":{"line":228,"column":16}},"64":{"start":{"line":231,"column":4},"end":{"line":238,"column":13}},"65":{"start":{"line":232,"column":6},"end":{"line":237,"column":7}},"66":{"start":{"line":233,"column":8},"end":{"line":233,"column":52}},"67":{"start":{"line":234,"column":8},"end":{"line":236,"column":9}},"68":{"start":{"line":235,"column":10},"end":{"line":235,"column":37}},"69":{"start":{"line":239,"column":4},"end":{"line":239,"column":19}},"70":{"start":{"line":240,"column":4},"end":{"line":240,"column":16}},"71":{"start":{"line":243,"column":4},"end":{"line":248,"column":13}},"72":{"start":{"line":244,"column":6},"end":{"line":244,"column":42}},"73":{"start":{"line":245,"column":6},"end":{"line":247,"column":7}},"74":{"start":{"line":246,"column":8},"end":{"line":246,"column":25}},"75":{"start":{"line":249,"column":4},"end":{"line":249,"column":16}}},"branchMap":{"1":{"line":110,"type":"if","locations":[{"start":{"line":110,"column":2},"end":{"line":110,"column":2}},{"start":{"line":110,"column":2},"end":{"line":110,"column":2}}]},"2":{"line":111,"type":"if","locations":[{"start":{"line":111,"column":4},"end":{"line":111,"column":4}},{"start":{"line":111,"column":4},"end":{"line":111,"column":4}}]},"3":{"line":122,"type":"if","locations":[{"start":{"line":122,"column":2},"end":{"line":122,"column":2}},{"start":{"line":122,"column":2},"end":{"line":122,"column":2}}]},"4":{"line":122,"type":"binary-expr","locations":[{"start":{"line":122,"column":6},"end":{"line":122,"column":16}},{"start":{"line":122,"column":20},"end":{"line":122,"column":49}}]},"5":{"line":142,"type":"if","locations":[{"start":{"line":142,"column":4},"end":{"line":142,"column":4}},{"start":{"line":142,"column":4},"end":{"line":142,"column":4}}]},"6":{"line":144,"type":"binary-expr","locations":[{"start":{"line":144,"column":16},"end":{"line":144,"column":22}},{"start":{"line":144,"column":26},"end":{"line":144,"column":27}}]},"7":{"line":184,"type":"if","locations":[{"start":{"line":184,"column":2},"end":{"line":184,"column":2}},{"start":{"line":184,"column":2},"end":{"line":184,"column":2}}]},"8":{"line":188,"type":"if","locations":[{"start":{"line":188,"column":9},"end":{"line":188,"column":9}},{"start":{"line":188,"column":9},"end":{"line":188,"column":9}}]},"9":{"line":190,"type":"if","locations":[{"start":{"line":190,"column":9},"end":{"line":190,"column":9}},{"start":{"line":190,"column":9},"end":{"line":190,"column":9}}]},"10":{"line":192,"type":"if","locations":[{"start":{"line":192,"column":9},"end":{"line":192,"column":9}},{"start":{"line":192,"column":9},"end":{"line":192,"column":9}}]},"11":{"line":208,"type":"if","locations":[{"start":{"line":208,"column":4},"end":{"line":208,"column":4}},{"start":{"line":208,"column":4},"end":{"line":208,"column":4}}]},"12":{"line":210,"type":"if","locations":[{"start":{"line":210,"column":11},"end":{"line":210,"column":11}},{"start":{"line":210,"column":11},"end":{"line":210,"column":11}}]},"13":{"line":223,"type":"if","locations":[{"start":{"line":223,"column":6},"end":{"line":223,"column":6}},{"start":{"line":223,"column":6},"end":{"line":223,"column":6}}]},"14":{"line":232,"type":"if","locations":[{"start":{"line":232,"column":6},"end":{"line":232,"column":6}},{"start":{"line":232,"column":6},"end":{"line":232,"column":6}}]},"15":{"line":232,"type":"binary-expr","locations":[{"start":{"line":232,"column":10},"end":{"line":232,"column":34}},{"start":{"line":232,"column":38},"end":{"line":232,"column":57}}]},"16":{"line":234,"type":"if","locations":[{"start":{"line":234,"column":8},"end":{"line":234,"column":8}},{"start":{"line":234,"column":8},"end":{"line":234,"column":8}}]},"17":{"line":245,"type":"if","locations":[{"start":{"line":245,"column":6},"end":{"line":245,"column":6}},{"start":{"line":245,"column":6},"end":{"line":245,"column":6}}]}},"code":["var fs           = require('fs'),","    path         = require('path'),","    decorate     = require('./utils').decorate,","    constants    = require('./utils').constants,","    isObject     = require('./utils').isObject,","    platformPath = require('./bindings').platformPath;","","","module.exports = {","  AppSettings: AppSettings,","  WindowSettings: WindowSettings,","  IconGroup: IconGroup","};","","function AppSettings(o){","  for (var k in Object(o)) {","    this[k] = o[k];","  }","}","","AppSettings.create = function createAppSettings(o){","  return new AppSettings(o);","};","","constants(AppSettings, {","  LOGLEVEL_VERBOSE     : -1,","  LOGLEVEL_INFO        :  0,","  LOGLEVEL_WARNING     :  1,","  LOGLEVEL_ERROR       :  2,","  LOGLEVEL_ERROR_REPORT:  3,","  LOGLEVEL_DISABLED    : 99","});","","","decorate(AppSettings.prototype, {","  JSFlags                : ' --harmony_proxies --harmony_collections --harmony_scoping',","  LogLevel               : AppSettings.LOGLEVEL_DISABLED,","  PakLoading             : true,","","  LocalesPakPath         : path.resolve(platformPath, 'data', 'locales'),","  ChromePakPath          : path.resolve(platformPath, 'data', 'chrome.pak'),","  LogFilePath            : '',","  CachePath              : '',","  UserStylesheetPath     : '',","","  UserAgent              : '',","  ProductVersion         : '',","  Locale                 : '',","","  StandardFont           : 'Times New Roman',","  FixedFont              : 'Courier New',","  SerifFont              : 'Times New Roman',","  SansSerifFont          : 'Arial',","  CursiveFont            : 'Script',","  FantasyFont            : 'Impact',","  DefaultEncoding        : 'ISO-8859-1',","","  DefaultFontSize        : 16,","  FixedFontSize          : 13,","  MinFontSize            : 0,","  MinLogicalFontSize     : 6,","","  SiteSpecificQuirks     : false,","  CaretBrowsing          : false,","  UserStylesheets        : false,","  AcceleratedCompositing : false,","","  XSSAuditer             : true,","  HyperlinkAuditing      : true,","  Plugins                : true,","  Java                   : true,","  PageCache              : true,","  ImageLoading           : true,","  EncodingDetector       : true,","  RemoteFonts            : true,","  DevTools               : true,","  TabToLinks             : true,","  ResizingTextareas      : true,","  FitStandaloneImages    : true,","","  Accelerated2dCanvas    : true,","  AcceleratedFilters     : true,","  AcceleratedLayers      : true,","  AcceleratedPainting    : true,","  AcceleratedPlugins     : true,","  AcceleratedVideo       : true,","","  JSCanRun               : true,","  JSCanAccessClipboard   : true,","  JSCanCloseWindows      : true,","  JSCanOpenWindows       : true,","","  FileAccessFromFileURLs : true,","  UniversalFileURLAccess : true,","  UserStyles             : true,","  HistoryAPI             : true,","  AppCacheAPI            : true,","  DatabaseAPI            : true,","  DOMPasteAPI            : true,","  DragAndDropAPI         : true,","  LoadDrops              : true,","  FullscreenAPI          : true,","  LocalStorageAPI        : true,","  WebGLAPI               : true,","});","","","","function WindowSettings(o){","  if (typeof o === 'string') {","    if (isObject(arguments[1])) {","      arguments[1].url = o;","      o = arguments[1];","    } else {","      o = { url: o };","    }","  }","  for (var k in Object(o)) {","    this[k] = o[k];","  }","  this.icons = new IconGroup(this.icons);","  if (!this.name || typeof this.name !== 'string') {","    this.name = WindowSettings.createName();","  }","}","","WindowSettings.create = function createWindowSettings(o){","  return new WindowSettings(o);","};","","WindowSettings.createName = function(){","  var names = [","    'alpha', 'bravo', 'charlie', 'delta', 'echo', 'foxtrot', 'golf',","    'hotel', 'india', 'juliet', 'kilo', 'lima', 'mike', 'november',","    'oscar', 'papa', 'quebec', 'romeo', 'sierra', 'tango', 'uniform',","    'victor', 'whiskey', 'x-ray', 'yankee', 'zulu'","  ];","  var index = 0, suffix = '';","","  return function createName(){","    var name = names[index++] + suffix;","    if (index === names.length) {","      index = 0;","      suffix = (suffix || 0) + 1;","    }","    return name;","  };","}();","","decorate(WindowSettings.prototype, {","  url           :'http://appjs/',","  name          : null,","  icons         : null,","  width         : 800,","  height        : 600,","  left          : -1,","  top           : -1,","  opacity       : 1,","  alpha         : false,","  showChrome    : true,","  autoResize    : false,","  resizable     : true,","  showResizeGrip: false,","  fullscreen    : false,","  topmost       : false,","});","","var namedSizes = ['smaller', 'small', 'big', 'bigger'],","    numberSizes = [16, 32, 64, 128];","","var sizeMap = {","  16: 'smaller',","  32: 'small',","  64: 'big',","  128: 'bigger',","  smaller: 'smaller',","  small: 'small',","  big: 'big',","  bigger: 'bigger'","};","","","function IconGroup(o){","  if (o instanceof IconGroup) {","    Object.keys(o).forEach(function(key){","      this[key] = o[key];","    }, this);","  } else if (typeof o === 'string') {","    this.setRoot(o);","  } else if (isObject(o)) {","    this.setObject(o);","  } else if (Array.isArray(o)) {","    this.setArray(o);","  } else {","    namedSizes.forEach(function(key){","      this[key] = '';","    }, this);","  }","}","","IconGroup.create = function createIconGroup(o){","  return new IconGroup(o);","};","","","decorate(IconGroup.prototype, [","  function setRoot(root){","    if (fs.existsSync(root + '/small.png')) {","      var sizes = namedSizes;","    } else if (fs.existsSync(root + '/16.png')) {","      var sizes = numberSizes;","    } else {","      return this;","    }","    sizes.forEach(function(size){","      this[sizeMap[size]] = path.resolve(root, size+'.png');","    }, this);","    this.resolve();","    return this;","  },","  function setObject(obj){","    for (var k in obj) {","      if (sizeMap.hasOwnProperty(k)) {","        this[sizeMap[k]] = obj[k];","      }","    }","    this.resolve();","    return this;","  },","  function setArray(array){","    array.forEach(function(item){","      if (typeof item === 'string' && /\\.png$/.test(item)) {","        var name = path.basename(item).slice(0, -4);","        if (sizeMap.hasOwnProperty(name)) {","          this[sizeMap[name]] = item;","        }","      }","    }, this);","    this.resolve();","    return this;","  },","  function resolve(){","    Object.keys(this).forEach(function(key){","      this[key] = path.resolve(this[key]);","      if (!fs.existsSync(this[key])) {","        delete this[key];","      }","    }, this);","    return this;","  }","]);",""],"l":{"1":2,"9":0,"15":1,"16":0,"17":0,"21":0,"22":0,"25":0,"35":0,"109":1,"110":0,"111":0,"112":0,"113":0,"115":0,"118":0,"119":0,"121":0,"122":0,"123":0,"127":0,"128":0,"131":0,"132":0,"138":0,"140":0,"141":0,"142":0,"143":0,"144":0,"146":0,"150":0,"168":0,"171":0,"183":1,"184":0,"185":0,"186":0,"188":0,"189":0,"190":0,"191":0,"192":0,"193":0,"195":0,"196":0,"201":0,"202":0,"206":0,"208":0,"209":0,"210":0,"211":0,"213":0,"215":0,"216":0,"218":0,"219":0,"222":0,"223":0,"224":0,"227":0,"228":0,"231":0,"232":0,"233":0,"234":0,"235":0,"239":0,"240":0,"243":0,"244":0,"245":0,"246":0,"249":0}}}